  [1m[35m (0.1ms)[0m  [1m[34mSELECT sqlite_version(*)[0m
  ↳ /Users/jounane/.rvm/gems/ruby-2.5.1/bin/rake:23
  [1m[35m (1.1ms)[0m  [1m[35mCREATE TABLE "schema_migrations" ("version" varchar NOT NULL PRIMARY KEY)[0m
  ↳ /Users/jounane/.rvm/gems/ruby-2.5.1/bin/rake:23
  [1m[35m (0.7ms)[0m  [1m[35mCREATE TABLE "ar_internal_metadata" ("key" varchar NOT NULL PRIMARY KEY, "value" varchar, "created_at" datetime NOT NULL, "updated_at" datetime NOT NULL)[0m
  ↳ /Users/jounane/.rvm/gems/ruby-2.5.1/bin/rake:23
  [1m[35m (0.2ms)[0m  [1m[34mSELECT "schema_migrations"."version" FROM "schema_migrations" ORDER BY "schema_migrations"."version" ASC[0m
  ↳ /Users/jounane/.rvm/gems/ruby-2.5.1/bin/rake:23
Migrating to CreateEmails (20180823120800)
  [1m[35m (0.1ms)[0m  [1m[36mbegin transaction[0m
  ↳ /Users/jounane/.rvm/gems/ruby-2.5.1/bin/rake:23
  [1m[35m (0.4ms)[0m  [1m[35mCREATE TABLE "emails" ("id" integer PRIMARY KEY AUTOINCREMENT NOT NULL, "object" varchar, "body" varchar, "created_at" datetime NOT NULL, "updated_at" datetime NOT NULL)[0m
  ↳ db/migrate/20180823120800_create_emails.rb:3
  [1m[36mActiveRecord::SchemaMigration Create (0.3ms)[0m  [1m[32mINSERT INTO "schema_migrations" ("version") VALUES (?)[0m  [["version", "20180823120800"]]
  ↳ /Users/jounane/.rvm/gems/ruby-2.5.1/bin/rake:23
  [1m[35m (1.3ms)[0m  [1m[36mcommit transaction[0m
  ↳ /Users/jounane/.rvm/gems/ruby-2.5.1/bin/rake:23
  [1m[36mActiveRecord::InternalMetadata Load (0.1ms)[0m  [1m[34mSELECT  "ar_internal_metadata".* FROM "ar_internal_metadata" WHERE "ar_internal_metadata"."key" = ? LIMIT ?[0m  [["key", "environment"], ["LIMIT", 1]]
  ↳ /Users/jounane/.rvm/gems/ruby-2.5.1/bin/rake:23
  [1m[35m (0.1ms)[0m  [1m[36mbegin transaction[0m
  ↳ /Users/jounane/.rvm/gems/ruby-2.5.1/bin/rake:23
  [1m[36mActiveRecord::InternalMetadata Create (0.3ms)[0m  [1m[32mINSERT INTO "ar_internal_metadata" ("key", "value", "created_at", "updated_at") VALUES (?, ?, ?, ?)[0m  [["key", "environment"], ["value", "development"], ["created_at", "2018-08-23 12:09:47.151632"], ["updated_at", "2018-08-23 12:09:47.151632"]]
  ↳ /Users/jounane/.rvm/gems/ruby-2.5.1/bin/rake:23
  [1m[35m (0.7ms)[0m  [1m[36mcommit transaction[0m
  ↳ /Users/jounane/.rvm/gems/ruby-2.5.1/bin/rake:23
  [1m[35m (0.1ms)[0m  [1m[34mSELECT "schema_migrations"."version" FROM "schema_migrations" ORDER BY "schema_migrations"."version" ASC[0m
  ↳ /Users/jounane/.rvm/gems/ruby-2.5.1/bin/rake:23
  [1m[35m (0.1ms)[0m  [1m[36mbegin transaction[0m
  [1m[36mEmail Create (0.7ms)[0m  [1m[32mINSERT INTO "emails" ("object", "body", "created_at", "updated_at") VALUES (?, ?, ?, ?)[0m  [["object", "Annonce officielle"], ["body", "Tamen fides sciri sensu dat hoc nul favis culpa sic. Sicuti obvium monere maxima ha fallam aliter ii eo. Du nocturna ut se exhibere mutuatur is. Ima instar ero tribuo infixa vim sae. Missae obvium nullas pileos aut ibidem pro fateri agi hic. Ex tantundem tractarem argumenti ei ut laboriosa."], ["created_at", "2018-08-23 12:14:12.704840"], ["updated_at", "2018-08-23 12:14:12.704840"]]
  [1m[35m (0.6ms)[0m  [1m[36mcommit transaction[0m
  [1m[35m (0.1ms)[0m  [1m[36mbegin transaction[0m
  [1m[36mEmail Create (0.6ms)[0m  [1m[32mINSERT INTO "emails" ("object", "body", "created_at", "updated_at") VALUES (?, ?, ?, ?)[0m  [["object", "Présentation de la formation"], ["body", "Meas ut sint re bono. Ego has priorem mutetur acquiro sua aggredi obscure rem manibus. Non mea infinitum inquirere judicandi uno cunctatus. Im id satis illam vitae. Allatae gallice lor deceret vix jam deo. Vetus ut voces otium nasci dicam du."], ["created_at", "2018-08-23 12:17:12.769907"], ["updated_at", "2018-08-23 12:17:12.769907"]]
  [1m[35m (0.5ms)[0m  [1m[36mcommit transaction[0m
  [1m[35m (0.1ms)[0m  [1m[36mbegin transaction[0m
  [1m[36mEmail Create (0.8ms)[0m  [1m[32mINSERT INTO "emails" ("object", "body", "created_at", "updated_at") VALUES (?, ?, ?, ?)[0m  [["object", "Nos offres actuelles"], ["body", "Conflatum ex spontaneo finguntur inhaereat ingeniosi co denegante. Difficilia offerendum agi intelligam quaecunque iis sex ita. Genere vos verbum quo hoc dictis natura. At ad mentes aperte et pendam deinde tactum. Antequam imaginer in recorder at ad. Atra quin ad vi se ulla quas unam illa. \n"], ["created_at", "2018-08-23 12:18:36.296639"], ["updated_at", "2018-08-23 12:18:36.296639"]]
  [1m[35m (1.5ms)[0m  [1m[36mcommit transaction[0m
  [1m[35m (0.3ms)[0m  [1m[34mSELECT "schema_migrations"."version" FROM "schema_migrations" ORDER BY "schema_migrations"."version" ASC[0m
  ↳ /Users/jounane/.rvm/gems/ruby-2.5.1/bin/rake:23
  [1m[35m (0.0ms)[0m  [1m[34mSELECT "schema_migrations"."version" FROM "schema_migrations" ORDER BY "schema_migrations"."version" ASC[0m
  ↳ /Users/jounane/.rvm/gems/ruby-2.5.1/bin/rake:23
  [1m[35m (0.1ms)[0m  [1m[34mSELECT "schema_migrations"."version" FROM "schema_migrations" ORDER BY "schema_migrations"."version" ASC[0m
  ↳ /Users/jounane/.rvm/gems/ruby-2.5.1/bin/rake:23
  [1m[35m (0.0ms)[0m  [1m[34mSELECT "schema_migrations"."version" FROM "schema_migrations" ORDER BY "schema_migrations"."version" ASC[0m
  ↳ /Users/jounane/.rvm/gems/ruby-2.5.1/bin/rake:23
Migrating to CreateEmails (20180823120800)
  [1m[35m (0.1ms)[0m  [1m[36mbegin transaction[0m
  ↳ /Users/jounane/.rvm/gems/ruby-2.5.1/bin/rake:23
  [1m[35m (0.4ms)[0m  [1m[35mDROP TABLE "emails"[0m
  ↳ /Users/jounane/.rvm/gems/ruby-2.5.1/bin/rake:23
  [1m[36mActiveRecord::SchemaMigration Destroy (0.4ms)[0m  [1m[31mDELETE FROM "schema_migrations" WHERE "schema_migrations"."version" = ?[0m  [["version", "20180823120800"]]
  ↳ /Users/jounane/.rvm/gems/ruby-2.5.1/bin/rake:23
  [1m[35m (0.5ms)[0m  [1m[36mcommit transaction[0m
  ↳ /Users/jounane/.rvm/gems/ruby-2.5.1/bin/rake:23
  [1m[35m (0.1ms)[0m  [1m[34mSELECT "schema_migrations"."version" FROM "schema_migrations" ORDER BY "schema_migrations"."version" ASC[0m
  ↳ /Users/jounane/.rvm/gems/ruby-2.5.1/bin/rake:23
  [1m[35m (0.1ms)[0m  [1m[34mSELECT "schema_migrations"."version" FROM "schema_migrations" ORDER BY "schema_migrations"."version" ASC[0m
  ↳ /Users/jounane/.rvm/gems/ruby-2.5.1/bin/rake:23
  [1m[35m (0.0ms)[0m  [1m[34mSELECT "schema_migrations"."version" FROM "schema_migrations" ORDER BY "schema_migrations"."version" ASC[0m
  ↳ /Users/jounane/.rvm/gems/ruby-2.5.1/bin/rake:23
  [1m[35m (0.0ms)[0m  [1m[34mSELECT "schema_migrations"."version" FROM "schema_migrations" ORDER BY "schema_migrations"."version" ASC[0m
  ↳ /Users/jounane/.rvm/gems/ruby-2.5.1/bin/rake:23
  [1m[35m (0.0ms)[0m  [1m[34mSELECT "schema_migrations"."version" FROM "schema_migrations" ORDER BY "schema_migrations"."version" ASC[0m
  ↳ /Users/jounane/.rvm/gems/ruby-2.5.1/bin/rake:23
  [1m[35m (0.1ms)[0m  [1m[34mSELECT sqlite_version(*)[0m
  ↳ /Users/jounane/.rvm/gems/ruby-2.5.1/bin/rake:23
  [1m[35m (1.8ms)[0m  [1m[35mCREATE TABLE "schema_migrations" ("version" varchar NOT NULL PRIMARY KEY)[0m
  ↳ /Users/jounane/.rvm/gems/ruby-2.5.1/bin/rake:23
  [1m[35m (0.6ms)[0m  [1m[35mCREATE TABLE "ar_internal_metadata" ("key" varchar NOT NULL PRIMARY KEY, "value" varchar, "created_at" datetime NOT NULL, "updated_at" datetime NOT NULL)[0m
  ↳ /Users/jounane/.rvm/gems/ruby-2.5.1/bin/rake:23
  [1m[35m (0.2ms)[0m  [1m[34mSELECT "schema_migrations"."version" FROM "schema_migrations" ORDER BY "schema_migrations"."version" ASC[0m
  ↳ /Users/jounane/.rvm/gems/ruby-2.5.1/bin/rake:23
Migrating to CreateEmails (20180823120800)
  [1m[35m (0.1ms)[0m  [1m[36mbegin transaction[0m
  ↳ /Users/jounane/.rvm/gems/ruby-2.5.1/bin/rake:23
  [1m[35m (0.3ms)[0m  [1m[35mCREATE TABLE "emails" ("id" integer PRIMARY KEY AUTOINCREMENT NOT NULL, "object" varchar, "body" text, "created_at" datetime NOT NULL, "updated_at" datetime NOT NULL)[0m
  ↳ db/migrate/20180823120800_create_emails.rb:3
  [1m[36mActiveRecord::SchemaMigration Create (0.1ms)[0m  [1m[32mINSERT INTO "schema_migrations" ("version") VALUES (?)[0m  [["version", "20180823120800"]]
  ↳ /Users/jounane/.rvm/gems/ruby-2.5.1/bin/rake:23
  [1m[35m (0.5ms)[0m  [1m[36mcommit transaction[0m
  ↳ /Users/jounane/.rvm/gems/ruby-2.5.1/bin/rake:23
  [1m[36mActiveRecord::InternalMetadata Load (0.1ms)[0m  [1m[34mSELECT  "ar_internal_metadata".* FROM "ar_internal_metadata" WHERE "ar_internal_metadata"."key" = ? LIMIT ?[0m  [["key", "environment"], ["LIMIT", 1]]
  ↳ /Users/jounane/.rvm/gems/ruby-2.5.1/bin/rake:23
  [1m[35m (0.2ms)[0m  [1m[36mbegin transaction[0m
  ↳ /Users/jounane/.rvm/gems/ruby-2.5.1/bin/rake:23
  [1m[36mActiveRecord::InternalMetadata Create (0.2ms)[0m  [1m[32mINSERT INTO "ar_internal_metadata" ("key", "value", "created_at", "updated_at") VALUES (?, ?, ?, ?)[0m  [["key", "environment"], ["value", "development"], ["created_at", "2018-08-23 12:44:36.865479"], ["updated_at", "2018-08-23 12:44:36.865479"]]
  ↳ /Users/jounane/.rvm/gems/ruby-2.5.1/bin/rake:23
  [1m[35m (0.5ms)[0m  [1m[36mcommit transaction[0m
  ↳ /Users/jounane/.rvm/gems/ruby-2.5.1/bin/rake:23
  [1m[35m (0.1ms)[0m  [1m[34mSELECT "schema_migrations"."version" FROM "schema_migrations" ORDER BY "schema_migrations"."version" ASC[0m
  ↳ /Users/jounane/.rvm/gems/ruby-2.5.1/bin/rake:23
  [1m[35m (0.2ms)[0m  [1m[34mSELECT "schema_migrations"."version" FROM "schema_migrations" ORDER BY "schema_migrations"."version" ASC[0m
  ↳ /Users/jounane/.rvm/gems/ruby-2.5.1/bin/rake:23
  [1m[35m (0.1ms)[0m  [1m[36mbegin transaction[0m
  ↳ db/seeds.rb:1
  [1m[36mEmail Create (0.5ms)[0m  [1m[32mINSERT INTO "emails" ("object", "body", "created_at", "updated_at") VALUES (?, ?, ?, ?)[0m  [["object", "Annonce officielle"], ["body", "Tamen fides sciri sensu dat hoc nul favis culpa sic. Sicuti obvium monere maxima ha fallam aliter ii eo. Du nocturna ut se exhibere mutuatur is. Ima instar ero tribuo infixa vim sae. Missae obvium nullas pileos aut ibidem pro fateri agi hic. Ex tantundem tractarem argumenti ei ut laboriosa."], ["created_at", "2018-08-23 12:46:05.417518"], ["updated_at", "2018-08-23 12:46:05.417518"]]
  ↳ db/seeds.rb:1
  [1m[35m (0.6ms)[0m  [1m[36mcommit transaction[0m
  ↳ db/seeds.rb:1
  [1m[35m (0.0ms)[0m  [1m[36mbegin transaction[0m
  ↳ db/seeds.rb:2
  [1m[36mEmail Create (0.2ms)[0m  [1m[32mINSERT INTO "emails" ("object", "body", "created_at", "updated_at") VALUES (?, ?, ?, ?)[0m  [["object", "Présentation de la formation"], ["body", "Meas ut sint re bono. Ego has priorem mutetur acquiro sua aggredi obscure rem manibus. Non mea infinitum inquirere judicandi uno cunctatus. Im id satis illam vitae. Allatae gallice lor deceret vix jam deo. Vetus ut voces otium nasci dicam du."], ["created_at", "2018-08-23 12:46:05.420346"], ["updated_at", "2018-08-23 12:46:05.420346"]]
  ↳ db/seeds.rb:2
  [1m[35m (0.7ms)[0m  [1m[36mcommit transaction[0m
  ↳ db/seeds.rb:2
  [1m[35m (0.1ms)[0m  [1m[36mbegin transaction[0m
  ↳ db/seeds.rb:3
  [1m[36mEmail Create (0.3ms)[0m  [1m[32mINSERT INTO "emails" ("object", "body", "created_at", "updated_at") VALUES (?, ?, ?, ?)[0m  [["object", "Nos offres actuelles"], ["body", "Conflatum ex spontaneo finguntur inhaereat ingeniosi co denegante. Difficilia offerendum agi intelligam quaecunque iis sex ita. Genere vos verbum quo hoc dictis natura. At ad mentes aperte et pendam deinde tactum. Antequam imaginer in recorder at ad. Atra quin ad vi se ulla quas unam illa."], ["created_at", "2018-08-23 12:46:05.423559"], ["updated_at", "2018-08-23 12:46:05.423559"]]
  ↳ db/seeds.rb:3
  [1m[35m (0.5ms)[0m  [1m[36mcommit transaction[0m
  ↳ db/seeds.rb:3
Started GET "/" for 127.0.0.1 at 2018-08-23 15:06:51 +0200
  [1m[35m (0.3ms)[0m  [1m[34mSELECT "schema_migrations"."version" FROM "schema_migrations" ORDER BY "schema_migrations"."version" ASC[0m
  ↳ /Users/jounane/.rvm/gems/ruby-2.5.1/gems/activerecord-5.2.1/lib/active_record/log_subscriber.rb:98
  
ActionController::RoutingError (uninitialized constant EmailController):
  
bootsnap (1.3.1) lib/bootsnap/load_path_cache/core_ext/active_support.rb:53:in `block in load_missing_constant'
bootsnap (1.3.1) lib/bootsnap/load_path_cache/core_ext/active_support.rb:8:in `without_bootsnap_cache'
bootsnap (1.3.1) lib/bootsnap/load_path_cache/core_ext/active_support.rb:53:in `rescue in load_missing_constant'
bootsnap (1.3.1) lib/bootsnap/load_path_cache/core_ext/active_support.rb:42:in `load_missing_constant'
activesupport (5.2.1) lib/active_support/inflector/methods.rb:283:in `const_get'
activesupport (5.2.1) lib/active_support/inflector/methods.rb:283:in `block in constantize'
activesupport (5.2.1) lib/active_support/inflector/methods.rb:281:in `each'
activesupport (5.2.1) lib/active_support/inflector/methods.rb:281:in `inject'
activesupport (5.2.1) lib/active_support/inflector/methods.rb:281:in `constantize'
actionpack (5.2.1) lib/action_dispatch/http/request.rb:88:in `controller_class_for'
actionpack (5.2.1) lib/action_dispatch/http/request.rb:81:in `controller_class'
actionpack (5.2.1) lib/action_dispatch/routing/route_set.rb:46:in `controller'
actionpack (5.2.1) lib/action_dispatch/routing/route_set.rb:32:in `serve'
actionpack (5.2.1) lib/action_dispatch/journey/router.rb:52:in `block in serve'
actionpack (5.2.1) lib/action_dispatch/journey/router.rb:35:in `each'
actionpack (5.2.1) lib/action_dispatch/journey/router.rb:35:in `serve'
actionpack (5.2.1) lib/action_dispatch/routing/route_set.rb:840:in `call'
rack (2.0.5) lib/rack/tempfile_reaper.rb:15:in `call'
rack (2.0.5) lib/rack/etag.rb:25:in `call'
rack (2.0.5) lib/rack/conditional_get.rb:25:in `call'
rack (2.0.5) lib/rack/head.rb:12:in `call'
actionpack (5.2.1) lib/action_dispatch/http/content_security_policy.rb:18:in `call'
rack (2.0.5) lib/rack/session/abstract/id.rb:232:in `context'
rack (2.0.5) lib/rack/session/abstract/id.rb:226:in `call'
actionpack (5.2.1) lib/action_dispatch/middleware/cookies.rb:670:in `call'
activerecord (5.2.1) lib/active_record/migration.rb:559:in `call'
actionpack (5.2.1) lib/action_dispatch/middleware/callbacks.rb:28:in `block in call'
activesupport (5.2.1) lib/active_support/callbacks.rb:98:in `run_callbacks'
actionpack (5.2.1) lib/action_dispatch/middleware/callbacks.rb:26:in `call'
actionpack (5.2.1) lib/action_dispatch/middleware/executor.rb:14:in `call'
actionpack (5.2.1) lib/action_dispatch/middleware/debug_exceptions.rb:61:in `call'
web-console (3.6.2) lib/web_console/middleware.rb:135:in `call_app'
web-console (3.6.2) lib/web_console/middleware.rb:30:in `block in call'
web-console (3.6.2) lib/web_console/middleware.rb:20:in `catch'
web-console (3.6.2) lib/web_console/middleware.rb:20:in `call'
actionpack (5.2.1) lib/action_dispatch/middleware/show_exceptions.rb:33:in `call'
railties (5.2.1) lib/rails/rack/logger.rb:38:in `call_app'
railties (5.2.1) lib/rails/rack/logger.rb:26:in `block in call'
activesupport (5.2.1) lib/active_support/tagged_logging.rb:71:in `block in tagged'
activesupport (5.2.1) lib/active_support/tagged_logging.rb:28:in `tagged'
activesupport (5.2.1) lib/active_support/tagged_logging.rb:71:in `tagged'
railties (5.2.1) lib/rails/rack/logger.rb:26:in `call'
sprockets-rails (3.2.1) lib/sprockets/rails/quiet_assets.rb:13:in `call'
actionpack (5.2.1) lib/action_dispatch/middleware/remote_ip.rb:81:in `call'
actionpack (5.2.1) lib/action_dispatch/middleware/request_id.rb:27:in `call'
rack (2.0.5) lib/rack/method_override.rb:22:in `call'
rack (2.0.5) lib/rack/runtime.rb:22:in `call'
activesupport (5.2.1) lib/active_support/cache/strategy/local_cache_middleware.rb:29:in `call'
actionpack (5.2.1) lib/action_dispatch/middleware/executor.rb:14:in `call'
actionpack (5.2.1) lib/action_dispatch/middleware/static.rb:127:in `call'
rack (2.0.5) lib/rack/sendfile.rb:111:in `call'
railties (5.2.1) lib/rails/engine.rb:524:in `call'
puma (3.12.0) lib/puma/configuration.rb:225:in `call'
puma (3.12.0) lib/puma/server.rb:658:in `handle_request'
puma (3.12.0) lib/puma/server.rb:472:in `process_client'
puma (3.12.0) lib/puma/server.rb:332:in `block in run'
puma (3.12.0) lib/puma/thread_pool.rb:133:in `block in spawn_thread'
Started GET "/" for 127.0.0.1 at 2018-08-23 15:08:40 +0200
  
ActionController::RoutingError (uninitialized constant EmailController):
  
bootsnap (1.3.1) lib/bootsnap/load_path_cache/core_ext/active_support.rb:53:in `block in load_missing_constant'
bootsnap (1.3.1) lib/bootsnap/load_path_cache/core_ext/active_support.rb:8:in `without_bootsnap_cache'
bootsnap (1.3.1) lib/bootsnap/load_path_cache/core_ext/active_support.rb:53:in `rescue in load_missing_constant'
bootsnap (1.3.1) lib/bootsnap/load_path_cache/core_ext/active_support.rb:42:in `load_missing_constant'
activesupport (5.2.1) lib/active_support/inflector/methods.rb:283:in `const_get'
activesupport (5.2.1) lib/active_support/inflector/methods.rb:283:in `block in constantize'
activesupport (5.2.1) lib/active_support/inflector/methods.rb:281:in `each'
activesupport (5.2.1) lib/active_support/inflector/methods.rb:281:in `inject'
activesupport (5.2.1) lib/active_support/inflector/methods.rb:281:in `constantize'
actionpack (5.2.1) lib/action_dispatch/http/request.rb:88:in `controller_class_for'
actionpack (5.2.1) lib/action_dispatch/http/request.rb:81:in `controller_class'
actionpack (5.2.1) lib/action_dispatch/routing/route_set.rb:46:in `controller'
actionpack (5.2.1) lib/action_dispatch/routing/route_set.rb:32:in `serve'
actionpack (5.2.1) lib/action_dispatch/journey/router.rb:52:in `block in serve'
actionpack (5.2.1) lib/action_dispatch/journey/router.rb:35:in `each'
actionpack (5.2.1) lib/action_dispatch/journey/router.rb:35:in `serve'
actionpack (5.2.1) lib/action_dispatch/routing/route_set.rb:840:in `call'
rack (2.0.5) lib/rack/tempfile_reaper.rb:15:in `call'
rack (2.0.5) lib/rack/etag.rb:25:in `call'
rack (2.0.5) lib/rack/conditional_get.rb:25:in `call'
rack (2.0.5) lib/rack/head.rb:12:in `call'
actionpack (5.2.1) lib/action_dispatch/http/content_security_policy.rb:18:in `call'
rack (2.0.5) lib/rack/session/abstract/id.rb:232:in `context'
rack (2.0.5) lib/rack/session/abstract/id.rb:226:in `call'
actionpack (5.2.1) lib/action_dispatch/middleware/cookies.rb:670:in `call'
activerecord (5.2.1) lib/active_record/migration.rb:559:in `call'
actionpack (5.2.1) lib/action_dispatch/middleware/callbacks.rb:28:in `block in call'
activesupport (5.2.1) lib/active_support/callbacks.rb:98:in `run_callbacks'
actionpack (5.2.1) lib/action_dispatch/middleware/callbacks.rb:26:in `call'
actionpack (5.2.1) lib/action_dispatch/middleware/executor.rb:14:in `call'
actionpack (5.2.1) lib/action_dispatch/middleware/debug_exceptions.rb:61:in `call'
web-console (3.6.2) lib/web_console/middleware.rb:135:in `call_app'
web-console (3.6.2) lib/web_console/middleware.rb:30:in `block in call'
web-console (3.6.2) lib/web_console/middleware.rb:20:in `catch'
web-console (3.6.2) lib/web_console/middleware.rb:20:in `call'
actionpack (5.2.1) lib/action_dispatch/middleware/show_exceptions.rb:33:in `call'
railties (5.2.1) lib/rails/rack/logger.rb:38:in `call_app'
railties (5.2.1) lib/rails/rack/logger.rb:26:in `block in call'
activesupport (5.2.1) lib/active_support/tagged_logging.rb:71:in `block in tagged'
activesupport (5.2.1) lib/active_support/tagged_logging.rb:28:in `tagged'
activesupport (5.2.1) lib/active_support/tagged_logging.rb:71:in `tagged'
railties (5.2.1) lib/rails/rack/logger.rb:26:in `call'
sprockets-rails (3.2.1) lib/sprockets/rails/quiet_assets.rb:13:in `call'
actionpack (5.2.1) lib/action_dispatch/middleware/remote_ip.rb:81:in `call'
actionpack (5.2.1) lib/action_dispatch/middleware/request_id.rb:27:in `call'
rack (2.0.5) lib/rack/method_override.rb:22:in `call'
rack (2.0.5) lib/rack/runtime.rb:22:in `call'
activesupport (5.2.1) lib/active_support/cache/strategy/local_cache_middleware.rb:29:in `call'
actionpack (5.2.1) lib/action_dispatch/middleware/executor.rb:14:in `call'
actionpack (5.2.1) lib/action_dispatch/middleware/static.rb:127:in `call'
rack (2.0.5) lib/rack/sendfile.rb:111:in `call'
railties (5.2.1) lib/rails/engine.rb:524:in `call'
puma (3.12.0) lib/puma/configuration.rb:225:in `call'
puma (3.12.0) lib/puma/server.rb:658:in `handle_request'
puma (3.12.0) lib/puma/server.rb:472:in `process_client'
puma (3.12.0) lib/puma/server.rb:332:in `block in run'
puma (3.12.0) lib/puma/thread_pool.rb:133:in `block in spawn_thread'
Started GET "/" for 127.0.0.1 at 2018-08-23 15:09:27 +0200
  
ActionController::RoutingError (uninitialized constant EmailController):
  
bootsnap (1.3.1) lib/bootsnap/load_path_cache/core_ext/active_support.rb:53:in `block in load_missing_constant'
bootsnap (1.3.1) lib/bootsnap/load_path_cache/core_ext/active_support.rb:8:in `without_bootsnap_cache'
bootsnap (1.3.1) lib/bootsnap/load_path_cache/core_ext/active_support.rb:53:in `rescue in load_missing_constant'
bootsnap (1.3.1) lib/bootsnap/load_path_cache/core_ext/active_support.rb:42:in `load_missing_constant'
activesupport (5.2.1) lib/active_support/inflector/methods.rb:283:in `const_get'
activesupport (5.2.1) lib/active_support/inflector/methods.rb:283:in `block in constantize'
activesupport (5.2.1) lib/active_support/inflector/methods.rb:281:in `each'
activesupport (5.2.1) lib/active_support/inflector/methods.rb:281:in `inject'
activesupport (5.2.1) lib/active_support/inflector/methods.rb:281:in `constantize'
actionpack (5.2.1) lib/action_dispatch/http/request.rb:88:in `controller_class_for'
actionpack (5.2.1) lib/action_dispatch/http/request.rb:81:in `controller_class'
actionpack (5.2.1) lib/action_dispatch/routing/route_set.rb:46:in `controller'
actionpack (5.2.1) lib/action_dispatch/routing/route_set.rb:32:in `serve'
actionpack (5.2.1) lib/action_dispatch/journey/router.rb:52:in `block in serve'
actionpack (5.2.1) lib/action_dispatch/journey/router.rb:35:in `each'
actionpack (5.2.1) lib/action_dispatch/journey/router.rb:35:in `serve'
actionpack (5.2.1) lib/action_dispatch/routing/route_set.rb:840:in `call'
rack (2.0.5) lib/rack/tempfile_reaper.rb:15:in `call'
rack (2.0.5) lib/rack/etag.rb:25:in `call'
rack (2.0.5) lib/rack/conditional_get.rb:25:in `call'
rack (2.0.5) lib/rack/head.rb:12:in `call'
actionpack (5.2.1) lib/action_dispatch/http/content_security_policy.rb:18:in `call'
rack (2.0.5) lib/rack/session/abstract/id.rb:232:in `context'
rack (2.0.5) lib/rack/session/abstract/id.rb:226:in `call'
actionpack (5.2.1) lib/action_dispatch/middleware/cookies.rb:670:in `call'
activerecord (5.2.1) lib/active_record/migration.rb:559:in `call'
actionpack (5.2.1) lib/action_dispatch/middleware/callbacks.rb:28:in `block in call'
activesupport (5.2.1) lib/active_support/callbacks.rb:98:in `run_callbacks'
actionpack (5.2.1) lib/action_dispatch/middleware/callbacks.rb:26:in `call'
actionpack (5.2.1) lib/action_dispatch/middleware/executor.rb:14:in `call'
actionpack (5.2.1) lib/action_dispatch/middleware/debug_exceptions.rb:61:in `call'
web-console (3.6.2) lib/web_console/middleware.rb:135:in `call_app'
web-console (3.6.2) lib/web_console/middleware.rb:30:in `block in call'
web-console (3.6.2) lib/web_console/middleware.rb:20:in `catch'
web-console (3.6.2) lib/web_console/middleware.rb:20:in `call'
actionpack (5.2.1) lib/action_dispatch/middleware/show_exceptions.rb:33:in `call'
railties (5.2.1) lib/rails/rack/logger.rb:38:in `call_app'
railties (5.2.1) lib/rails/rack/logger.rb:26:in `block in call'
activesupport (5.2.1) lib/active_support/tagged_logging.rb:71:in `block in tagged'
activesupport (5.2.1) lib/active_support/tagged_logging.rb:28:in `tagged'
activesupport (5.2.1) lib/active_support/tagged_logging.rb:71:in `tagged'
railties (5.2.1) lib/rails/rack/logger.rb:26:in `call'
sprockets-rails (3.2.1) lib/sprockets/rails/quiet_assets.rb:13:in `call'
actionpack (5.2.1) lib/action_dispatch/middleware/remote_ip.rb:81:in `call'
actionpack (5.2.1) lib/action_dispatch/middleware/request_id.rb:27:in `call'
rack (2.0.5) lib/rack/method_override.rb:22:in `call'
rack (2.0.5) lib/rack/runtime.rb:22:in `call'
activesupport (5.2.1) lib/active_support/cache/strategy/local_cache_middleware.rb:29:in `call'
actionpack (5.2.1) lib/action_dispatch/middleware/executor.rb:14:in `call'
actionpack (5.2.1) lib/action_dispatch/middleware/static.rb:127:in `call'
rack (2.0.5) lib/rack/sendfile.rb:111:in `call'
railties (5.2.1) lib/rails/engine.rb:524:in `call'
puma (3.12.0) lib/puma/configuration.rb:225:in `call'
puma (3.12.0) lib/puma/server.rb:658:in `handle_request'
puma (3.12.0) lib/puma/server.rb:472:in `process_client'
puma (3.12.0) lib/puma/server.rb:332:in `block in run'
puma (3.12.0) lib/puma/thread_pool.rb:133:in `block in spawn_thread'
Started GET "/" for 127.0.0.1 at 2018-08-23 15:09:55 +0200
  
ActionController::RoutingError (undefined method `respond_to' for EmailsController:Class
Did you mean?  respond_to?):
  
app/controllers/emails_controller.rb:3:in `<class:EmailsController>'
app/controllers/emails_controller.rb:1:in `<main>'
Started GET "/" for 127.0.0.1 at 2018-08-23 15:10:43 +0200
  
ActionController::RoutingError (undefined method `respond_to' for EmailsController:Class
Did you mean?  respond_to?):
  
app/controllers/emails_controller.rb:3:in `<class:EmailsController>'
app/controllers/emails_controller.rb:1:in `<main>'
Started GET "/" for 127.0.0.1 at 2018-08-23 15:12:02 +0200
  
ActionController::RoutingError (undefined method `respond_to' for EmailsController:Class
Did you mean?  respond_to?):
  
app/controllers/emails_controller.rb:3:in `<class:EmailsController>'
app/controllers/emails_controller.rb:1:in `<main>'
Started GET "/" for 127.0.0.1 at 2018-08-23 15:18:05 +0200
  
ActionController::RoutingError (undefined method `respond_to' for EmailsController:Class
Did you mean?  respond_to?):
  
app/controllers/emails_controller.rb:3:in `<class:EmailsController>'
app/controllers/emails_controller.rb:1:in `<main>'
Started GET "/" for 127.0.0.1 at 2018-08-23 15:18:16 +0200
Processing by EmailsController#index as HTML
Completed 500 Internal Server Error in 74ms (ActiveRecord: 0.0ms)


  
NoMethodError (undefined method `all_emails' for #<EmailsController:0x00007fe7d96cc8e8>):
  
activesupport (5.2.1) lib/active_support/callbacks.rb:426:in `block in make_lambda'
activesupport (5.2.1) lib/active_support/callbacks.rb:179:in `block (2 levels) in halting_and_conditional'
actionpack (5.2.1) lib/abstract_controller/callbacks.rb:34:in `block (2 levels) in <module:Callbacks>'
activesupport (5.2.1) lib/active_support/callbacks.rb:180:in `block in halting_and_conditional'
activesupport (5.2.1) lib/active_support/callbacks.rb:513:in `block in invoke_before'
activesupport (5.2.1) lib/active_support/callbacks.rb:513:in `each'
activesupport (5.2.1) lib/active_support/callbacks.rb:513:in `invoke_before'
activesupport (5.2.1) lib/active_support/callbacks.rb:131:in `run_callbacks'
actionpack (5.2.1) lib/abstract_controller/callbacks.rb:41:in `process_action'
actionpack (5.2.1) lib/action_controller/metal/rescue.rb:22:in `process_action'
actionpack (5.2.1) lib/action_controller/metal/instrumentation.rb:34:in `block in process_action'
activesupport (5.2.1) lib/active_support/notifications.rb:168:in `block in instrument'
activesupport (5.2.1) lib/active_support/notifications/instrumenter.rb:23:in `instrument'
activesupport (5.2.1) lib/active_support/notifications.rb:168:in `instrument'
actionpack (5.2.1) lib/action_controller/metal/instrumentation.rb:32:in `process_action'
actionpack (5.2.1) lib/action_controller/metal/params_wrapper.rb:256:in `process_action'
activerecord (5.2.1) lib/active_record/railties/controller_runtime.rb:24:in `process_action'
actionpack (5.2.1) lib/abstract_controller/base.rb:134:in `process'
actionview (5.2.1) lib/action_view/rendering.rb:32:in `process'
actionpack (5.2.1) lib/action_controller/metal.rb:191:in `dispatch'
actionpack (5.2.1) lib/action_controller/metal.rb:252:in `dispatch'
actionpack (5.2.1) lib/action_dispatch/routing/route_set.rb:52:in `dispatch'
actionpack (5.2.1) lib/action_dispatch/routing/route_set.rb:34:in `serve'
actionpack (5.2.1) lib/action_dispatch/journey/router.rb:52:in `block in serve'
actionpack (5.2.1) lib/action_dispatch/journey/router.rb:35:in `each'
actionpack (5.2.1) lib/action_dispatch/journey/router.rb:35:in `serve'
actionpack (5.2.1) lib/action_dispatch/routing/route_set.rb:840:in `call'
rack (2.0.5) lib/rack/tempfile_reaper.rb:15:in `call'
rack (2.0.5) lib/rack/etag.rb:25:in `call'
rack (2.0.5) lib/rack/conditional_get.rb:25:in `call'
rack (2.0.5) lib/rack/head.rb:12:in `call'
actionpack (5.2.1) lib/action_dispatch/http/content_security_policy.rb:18:in `call'
rack (2.0.5) lib/rack/session/abstract/id.rb:232:in `context'
rack (2.0.5) lib/rack/session/abstract/id.rb:226:in `call'
actionpack (5.2.1) lib/action_dispatch/middleware/cookies.rb:670:in `call'
activerecord (5.2.1) lib/active_record/migration.rb:559:in `call'
actionpack (5.2.1) lib/action_dispatch/middleware/callbacks.rb:28:in `block in call'
activesupport (5.2.1) lib/active_support/callbacks.rb:98:in `run_callbacks'
actionpack (5.2.1) lib/action_dispatch/middleware/callbacks.rb:26:in `call'
actionpack (5.2.1) lib/action_dispatch/middleware/executor.rb:14:in `call'
actionpack (5.2.1) lib/action_dispatch/middleware/debug_exceptions.rb:61:in `call'
web-console (3.6.2) lib/web_console/middleware.rb:135:in `call_app'
web-console (3.6.2) lib/web_console/middleware.rb:30:in `block in call'
web-console (3.6.2) lib/web_console/middleware.rb:20:in `catch'
web-console (3.6.2) lib/web_console/middleware.rb:20:in `call'
actionpack (5.2.1) lib/action_dispatch/middleware/show_exceptions.rb:33:in `call'
railties (5.2.1) lib/rails/rack/logger.rb:38:in `call_app'
railties (5.2.1) lib/rails/rack/logger.rb:26:in `block in call'
activesupport (5.2.1) lib/active_support/tagged_logging.rb:71:in `block in tagged'
activesupport (5.2.1) lib/active_support/tagged_logging.rb:28:in `tagged'
activesupport (5.2.1) lib/active_support/tagged_logging.rb:71:in `tagged'
railties (5.2.1) lib/rails/rack/logger.rb:26:in `call'
sprockets-rails (3.2.1) lib/sprockets/rails/quiet_assets.rb:13:in `call'
actionpack (5.2.1) lib/action_dispatch/middleware/remote_ip.rb:81:in `call'
actionpack (5.2.1) lib/action_dispatch/middleware/request_id.rb:27:in `call'
rack (2.0.5) lib/rack/method_override.rb:22:in `call'
rack (2.0.5) lib/rack/runtime.rb:22:in `call'
activesupport (5.2.1) lib/active_support/cache/strategy/local_cache_middleware.rb:29:in `call'
actionpack (5.2.1) lib/action_dispatch/middleware/executor.rb:14:in `call'
actionpack (5.2.1) lib/action_dispatch/middleware/static.rb:127:in `call'
rack (2.0.5) lib/rack/sendfile.rb:111:in `call'
railties (5.2.1) lib/rails/engine.rb:524:in `call'
puma (3.12.0) lib/puma/configuration.rb:225:in `call'
puma (3.12.0) lib/puma/server.rb:658:in `handle_request'
puma (3.12.0) lib/puma/server.rb:472:in `process_client'
puma (3.12.0) lib/puma/server.rb:332:in `block in run'
puma (3.12.0) lib/puma/thread_pool.rb:133:in `block in spawn_thread'
Started GET "/" for 127.0.0.1 at 2018-08-23 15:19:44 +0200
Processing by EmailsController#index as HTML
  Rendering emails/index.html.erb within layouts/application
  Rendered emails/index.html.erb within layouts/application (0.3ms)
Completed 200 OK in 608ms (Views: 604.8ms | ActiveRecord: 0.0ms)


Started GET "/" for 127.0.0.1 at 2018-08-23 15:36:51 +0200
  [1m[35m (0.2ms)[0m  [1m[34mSELECT "schema_migrations"."version" FROM "schema_migrations" ORDER BY "schema_migrations"."version" ASC[0m
  ↳ /Users/jounane/.rvm/gems/ruby-2.5.1/gems/activerecord-5.2.1/lib/active_record/log_subscriber.rb:98
Processing by EmailsController#index as HTML
  Rendering emails/index.html.erb within layouts/application
  Rendered emails/index.html.erb within layouts/application (1.2ms)
Completed 200 OK in 229ms (Views: 218.6ms | ActiveRecord: 0.0ms)


Started GET "/" for 127.0.0.1 at 2018-08-23 15:37:31 +0200
Processing by EmailsController#index as HTML
  Rendering emails/index.html.erb within layouts/application
  Rendered emails/index.html.erb within layouts/application (0.4ms)
Completed 200 OK in 17ms (Views: 13.8ms | ActiveRecord: 0.0ms)


Started GET "/" for 127.0.0.1 at 2018-08-23 15:37:33 +0200
Processing by EmailsController#index as HTML
  Rendering emails/index.html.erb within layouts/application
  Rendered emails/index.html.erb within layouts/application (0.3ms)
Completed 200 OK in 14ms (Views: 12.0ms | ActiveRecord: 0.0ms)


Started GET "/" for 127.0.0.1 at 2018-08-23 15:37:57 +0200
Processing by EmailsController#index as HTML
  Rendering emails/index.html.erb within layouts/application
  Rendered emails/index.html.erb within layouts/application (0.3ms)
Completed 200 OK in 16ms (Views: 14.7ms | ActiveRecord: 0.0ms)


Started GET "/" for 127.0.0.1 at 2018-08-23 15:38:36 +0200
  [1m[35m (0.3ms)[0m  [1m[34mSELECT "schema_migrations"."version" FROM "schema_migrations" ORDER BY "schema_migrations"."version" ASC[0m
  ↳ /Users/jounane/.rvm/gems/ruby-2.5.1/gems/activerecord-5.2.1/lib/active_record/log_subscriber.rb:98
Processing by EmailsController#index as HTML
  Rendering emails/index.html.erb within layouts/application
  Rendered emails/index.html.erb within layouts/application (0.8ms)
Completed 200 OK in 213ms (Views: 200.1ms | ActiveRecord: 0.0ms)


Started GET "/" for 127.0.0.1 at 2018-08-23 15:41:31 +0200
  
ActionController::RoutingError (undefined method `respond_to' for EmailsController:Class
Did you mean?  respond_to?):
  
app/controllers/emails_controller.rb:3:in `<class:EmailsController>'
app/controllers/emails_controller.rb:1:in `<main>'
Started GET "/" for 127.0.0.1 at 2018-08-23 15:45:15 +0200
Processing by EmailsController#index as HTML
  Rendering emails/index.html.erb within layouts/application
  Rendered emails/index.html.erb within layouts/application (0.4ms)
Completed 200 OK in 21ms (Views: 17.8ms | ActiveRecord: 0.0ms)


Started GET "/" for 127.0.0.1 at 2018-08-23 16:08:28 +0200
Processing by EmailsController#index as HTML
  Rendering emails/index.html.erb within layouts/application
  [1m[36mEmail Load (0.2ms)[0m  [1m[34mSELECT "emails".* FROM "emails"[0m
  ↳ app/views/emails/index.html.erb:15
  Rendered emails/index.html.erb within layouts/application (14.7ms)
Completed 500 Internal Server Error in 21ms (ActiveRecord: 0.7ms)


  
ActionView::Template::Error (undefined method `read' for #<Email:0x00007f844c37a988>
Did you mean?  reload):
    13: 				<tr>
    14: 					<!-- affiche les objects des emails -->
    15: 					<% @emails.each do |email| %>
    16: 						<% if email.read == true %>
    17: 						<td id="object_<%= email.id %>" class="read" ><%= link_to email.object, email_path(email), remote: true %></td>
    18: 						<% else %>
    19: 						<td id="object_<%= email.id %>" class="ur" ><%= link_to email.object, email_path(email), remote: true %></td>
  
app/views/emails/index.html.erb:16:in `block in _app_views_emails_index_html_erb__2653644844864897103_70103135104560'
app/views/emails/index.html.erb:15:in `_app_views_emails_index_html_erb__2653644844864897103_70103135104560'
Started GET "/" for 127.0.0.1 at 2018-08-23 16:09:20 +0200
Processing by EmailsController#index as HTML
  Rendering emails/index.html.erb within layouts/application
  [1m[36mEmail Load (0.2ms)[0m  [1m[34mSELECT "emails".* FROM "emails"[0m
  ↳ app/views/emails/index.html.erb:15
  Rendered emails/index.html.erb within layouts/application (5.4ms)
Completed 500 Internal Server Error in 10ms (ActiveRecord: 0.2ms)


  
ActionView::Template::Error (undefined method `read' for #<Email:0x00007f84508a8050>
Did you mean?  reload):
    13: 				<tr>
    14: 					<!-- affiche les objects des emails -->
    15: 					<% @emails.each do |email| %>
    16: 						<% if email.read == true %>
    17: 						<td id="object_<%= email.id %>" class="read" ><%= link_to email.object, email_path(email), remote: true %></td>
    18: 						<% else %>
    19: 						<td id="object_<%= email.id %>" class="ur" ><%= link_to email.object, email_path(email), remote: true %></td>
  
app/views/emails/index.html.erb:16:in `block in _app_views_emails_index_html_erb__2653644844864897103_70103131934220'
app/views/emails/index.html.erb:15:in `_app_views_emails_index_html_erb__2653644844864897103_70103131934220'
Started GET "/" for 127.0.0.1 at 2018-08-23 16:10:10 +0200
Processing by EmailsController#index as HTML
  Rendering emails/index.html.erb within layouts/application
  Rendered emails/index.html.erb within layouts/application (0.8ms)
Completed 500 Internal Server Error in 6ms (ActiveRecord: 0.0ms)


  
SyntaxError (/Users/jounane/Documents/THP/email-viewer/app/views/emails/index.html.erb:44: syntax error, unexpected keyword_ensure, expecting end-of-input
          ensure
          ^~~~~~):
  
app/views/emails/index.html.erb:44: syntax error, unexpected keyword_ensure, expecting end-of-input
Started GET "/" for 127.0.0.1 at 2018-08-23 16:10:27 +0200
Processing by EmailsController#index as HTML
  Rendering emails/index.html.erb within layouts/application
  [1m[36mEmail Load (0.1ms)[0m  [1m[34mSELECT "emails".* FROM "emails"[0m
  ↳ app/views/emails/index.html.erb:15
  Rendered emails/index.html.erb within layouts/application (1.4ms)
Completed 200 OK in 24ms (Views: 22.3ms | ActiveRecord: 0.1ms)


Started GET "/" for 127.0.0.1 at 2018-08-23 16:10:54 +0200
Processing by EmailsController#index as HTML
  Rendering emails/index.html.erb within layouts/application
  [1m[36mEmail Load (0.1ms)[0m  [1m[34mSELECT "emails".* FROM "emails"[0m
  ↳ app/views/emails/index.html.erb:12
  Rendered emails/index.html.erb within layouts/application (1.3ms)
Completed 200 OK in 20ms (Views: 17.5ms | ActiveRecord: 0.1ms)


Started GET "/" for 127.0.0.1 at 2018-08-23 16:11:37 +0200
Processing by EmailsController#index as HTML
  Rendering emails/index.html.erb within layouts/application
  [1m[36mEmail Load (0.1ms)[0m  [1m[34mSELECT "emails".* FROM "emails"[0m
  ↳ app/views/emails/index.html.erb:14
  Rendered emails/index.html.erb within layouts/application (1.5ms)
Completed 200 OK in 17ms (Views: 15.6ms | ActiveRecord: 0.1ms)


Started GET "/" for 127.0.0.1 at 2018-08-23 16:16:43 +0200
Processing by EmailsController#index as HTML
  Rendering emails/index.html.erb within layouts/application
  [1m[36mEmail Load (0.1ms)[0m  [1m[34mSELECT "emails".* FROM "emails"[0m
  ↳ app/views/emails/index.html.erb:14
  Rendered emails/index.html.erb within layouts/application (1.7ms)
Completed 200 OK in 22ms (Views: 19.7ms | ActiveRecord: 0.1ms)


Started GET "/" for 127.0.0.1 at 2018-08-23 16:30:41 +0200
  [1m[35m (0.2ms)[0m  [1m[34mSELECT "schema_migrations"."version" FROM "schema_migrations" ORDER BY "schema_migrations"."version" ASC[0m
  ↳ /Users/jounane/.rvm/gems/ruby-2.5.1/gems/activerecord-5.2.1/lib/active_record/log_subscriber.rb:98
Processing by EmailsController#index as HTML
  Rendering emails/index.html.erb within layouts/application
  [1m[36mEmail Load (0.2ms)[0m  [1m[34mSELECT "emails".* FROM "emails"[0m
  ↳ app/views/emails/index.html.erb:14
  Rendered emails/index.html.erb within layouts/application (267.7ms)
Completed 500 Internal Server Error in 288ms (ActiveRecord: 1.1ms)


  
ActionView::Template::Error (undefined local variable or method `email' for #<#<Class:0x00007fc5a3816be8>:0x00007fc5a27136c0>
Did you mean?  @emails):
    30: 				</tr>
    31: 
    32: 					<!-- affiche les objects, les emails et le bouton supprimer-->
    33: 				<div id="mail_<%= email.id %>" class="emailcontent">
    34: 					<div class="row" id="box">
    35: 						<h1><%= email.object %></h1><br>
    36: 						<p><%= email.body %></p>
  
app/views/emails/index.html.erb:33:in `_app_views_emails_index_html_erb___2612493030188393213_70243405348460'
Started GET "/" for 127.0.0.1 at 2018-08-23 16:32:03 +0200
Processing by EmailsController#index as HTML
  Rendering emails/index.html.erb within layouts/application
  [1m[36mEmail Load (0.2ms)[0m  [1m[34mSELECT "emails".* FROM "emails"[0m
  ↳ app/views/emails/index.html.erb:14
  Rendered emails/index.html.erb within layouts/application (212.3ms)
Completed 500 Internal Server Error in 218ms (ActiveRecord: 0.2ms)


  
ActionView::Template::Error (undefined local variable or method `email' for #<#<Class:0x00007fc5a3816be8>:0x00007fc5a52411d0>
Did you mean?  @emails):
    30: 				</tr>
    31: 
    32: 					<!-- affiche les objects, les emails et le bouton supprimer-->
    33: 				<div id="mail_<%= email.id %>" class="emailcontent">
    34: 					<div class="row" id="box">
    35: 						<h1><%= email.object %></h1><br>
    36: 						<p><%= email.body %></p>
  
app/views/emails/index.html.erb:33:in `_app_views_emails_index_html_erb___2612493030188393213_70243427950260'
Started GET "/" for 127.0.0.1 at 2018-08-23 16:36:42 +0200
Processing by EmailsController#index as HTML
  Rendering emails/index.html.erb within layouts/application
  [1m[36mEmail Load (0.2ms)[0m  [1m[34mSELECT "emails".* FROM "emails"[0m
  ↳ app/views/emails/index.html.erb:14
  Rendered emails/index.html.erb within layouts/application (209.8ms)
Completed 500 Internal Server Error in 215ms (ActiveRecord: 0.2ms)


  
ActionView::Template::Error (undefined local variable or method `email' for #<#<Class:0x00007fc5a3816be8>:0x00007fc5a52ce968>
Did you mean?  @emails):
    30: 				</tr>
    31: 
    32: 					<!-- affiche les objects, les emails et le bouton supprimer-->
    33: 			<!-- 	<div id="mail_<%= email.id %>" class="emailcontent">
    34: 					<div class="row" id="box">
    35: 						<h1><%= email.object %></h1><br>
    36: 						<p><%= email.body %></p>
  
app/views/emails/index.html.erb:33:in `_app_views_emails_index_html_erb___2612493030188393213_70243428199560'
Started GET "/" for 127.0.0.1 at 2018-08-23 16:36:48 +0200
Processing by EmailsController#index as HTML
  Rendering emails/index.html.erb within layouts/application
  [1m[36mEmail Load (0.1ms)[0m  [1m[34mSELECT "emails".* FROM "emails"[0m
  ↳ app/views/emails/index.html.erb:14
  Rendered emails/index.html.erb within layouts/application (206.8ms)
Completed 500 Internal Server Error in 212ms (ActiveRecord: 0.1ms)


  
ActionView::Template::Error (undefined local variable or method `email' for #<#<Class:0x00007fc5a3816be8>:0x00007fc5a5451d08>
Did you mean?  @emails):
    30: 				</tr>
    31: 
    32: 					<!-- affiche les objects, les emails et le bouton supprimer-->
    33: 			<!-- 	<div id="mail_<%= email.id %>" class="emailcontent">
    34: 					<div class="row" id="box">
    35: 						<h1><%= email.object %></h1><br>
    36: 						<p><%= email.body %></p>
  
app/views/emails/index.html.erb:33:in `_app_views_emails_index_html_erb___2612493030188393213_70243429030720'
Started GET "/" for 127.0.0.1 at 2018-08-23 16:37:01 +0200
Processing by EmailsController#index as HTML
  Rendering emails/index.html.erb within layouts/application
  [1m[36mEmail Load (0.2ms)[0m  [1m[34mSELECT "emails".* FROM "emails"[0m
  ↳ app/views/emails/index.html.erb:14
  Rendered emails/index.html.erb within layouts/application (1.2ms)
Completed 200 OK in 212ms (Views: 209.5ms | ActiveRecord: 0.2ms)


Started GET "/" for 127.0.0.1 at 2018-08-23 16:40:57 +0200
Processing by EmailsController#index as HTML
  Rendering emails/index.html.erb within layouts/application
  [1m[36mEmail Load (0.1ms)[0m  [1m[34mSELECT "emails".* FROM "emails"[0m
  ↳ app/views/emails/index.html.erb:14
  Rendered emails/index.html.erb within layouts/application (1.7ms)
Completed 200 OK in 17ms (Views: 14.8ms | ActiveRecord: 0.1ms)


Started GET "/" for 127.0.0.1 at 2018-08-23 16:41:58 +0200
Processing by EmailsController#index as HTML
  Rendering emails/index.html.erb within layouts/application
  [1m[36mEmail Load (0.1ms)[0m  [1m[34mSELECT "emails".* FROM "emails"[0m
  ↳ app/views/emails/index.html.erb:14
  Rendered emails/index.html.erb within layouts/application (1.5ms)
Completed 200 OK in 17ms (Views: 14.5ms | ActiveRecord: 0.1ms)


Started GET "/" for 127.0.0.1 at 2018-08-23 16:43:06 +0200
Processing by EmailsController#index as HTML
  Rendering emails/index.html.erb within layouts/application
  [1m[36mEmail Load (0.1ms)[0m  [1m[34mSELECT "emails".* FROM "emails"[0m
  ↳ app/views/emails/index.html.erb:14
  Rendered emails/index.html.erb within layouts/application (1.5ms)
Completed 200 OK in 19ms (Views: 15.9ms | ActiveRecord: 0.1ms)


Started GET "/emails/1" for 127.0.0.1 at 2018-08-23 16:43:47 +0200
Processing by EmailsController#show as JS
  Parameters: {"id"=>"1"}
Completed 500 Internal Server Error in 1ms (ActiveRecord: 0.0ms)


  
NoMethodError (undefined method `read=' for nil:NilClass):
  
app/controllers/emails_controller.rb:14:in `show'
Started GET "/emails/1" for 127.0.0.1 at 2018-08-23 16:43:47 +0200
Processing by EmailsController#show as JS
  Parameters: {"id"=>"1"}
Completed 500 Internal Server Error in 1ms (ActiveRecord: 0.0ms)


  
NoMethodError (undefined method `read=' for nil:NilClass):
  
app/controllers/emails_controller.rb:14:in `show'
Started GET "/emails/1" for 127.0.0.1 at 2018-08-23 16:43:47 +0200
Processing by EmailsController#show as JS
  Parameters: {"id"=>"1"}
Completed 500 Internal Server Error in 1ms (ActiveRecord: 0.0ms)


  
NoMethodError (undefined method `read=' for nil:NilClass):
  
app/controllers/emails_controller.rb:14:in `show'
Started GET "/emails/1" for 127.0.0.1 at 2018-08-23 16:43:48 +0200
Processing by EmailsController#show as JS
  Parameters: {"id"=>"1"}
Completed 500 Internal Server Error in 1ms (ActiveRecord: 0.0ms)


  
NoMethodError (undefined method `read=' for nil:NilClass):
  
app/controllers/emails_controller.rb:14:in `show'
Started GET "/emails/1" for 127.0.0.1 at 2018-08-23 16:43:48 +0200
Processing by EmailsController#show as JS
  Parameters: {"id"=>"1"}
Completed 500 Internal Server Error in 1ms (ActiveRecord: 0.0ms)


  
NoMethodError (undefined method `read=' for nil:NilClass):
  
app/controllers/emails_controller.rb:14:in `show'
Started GET "/emails/1" for 127.0.0.1 at 2018-08-23 16:43:48 +0200
Processing by EmailsController#show as JS
  Parameters: {"id"=>"1"}
Completed 500 Internal Server Error in 2ms (ActiveRecord: 0.0ms)


  
NoMethodError (undefined method `read=' for nil:NilClass):
  
app/controllers/emails_controller.rb:14:in `show'
Started GET "/emails/1" for 127.0.0.1 at 2018-08-23 16:43:48 +0200
Processing by EmailsController#show as JS
  Parameters: {"id"=>"1"}
Completed 500 Internal Server Error in 1ms (ActiveRecord: 0.0ms)


  
NoMethodError (undefined method `read=' for nil:NilClass):
  
app/controllers/emails_controller.rb:14:in `show'
Started GET "/emails/1" for 127.0.0.1 at 2018-08-23 16:43:48 +0200
Processing by EmailsController#show as JS
  Parameters: {"id"=>"1"}
Completed 500 Internal Server Error in 1ms (ActiveRecord: 0.0ms)


  
NoMethodError (undefined method `read=' for nil:NilClass):
  
app/controllers/emails_controller.rb:14:in `show'
Started GET "/emails/1" for 127.0.0.1 at 2018-08-23 16:43:49 +0200
Processing by EmailsController#show as JS
  Parameters: {"id"=>"1"}
Completed 500 Internal Server Error in 1ms (ActiveRecord: 0.0ms)


  
NoMethodError (undefined method `read=' for nil:NilClass):
  
app/controllers/emails_controller.rb:14:in `show'
Started GET "/" for 127.0.0.1 at 2018-08-23 16:49:56 +0200
Processing by EmailsController#index as HTML
  Rendering emails/index.html.erb within layouts/application
  [1m[36mEmail Load (0.1ms)[0m  [1m[34mSELECT "emails".* FROM "emails"[0m
  ↳ app/views/emails/index.html.erb:14
  Rendered emails/index.html.erb within layouts/application (1.4ms)
Completed 200 OK in 16ms (Views: 14.9ms | ActiveRecord: 0.1ms)


Started GET "/" for 127.0.0.1 at 2018-08-23 16:52:25 +0200
Processing by EmailsController#index as HTML
  Rendering emails/index.html.erb within layouts/application
  [1m[36mEmail Load (0.1ms)[0m  [1m[34mSELECT "emails".* FROM "emails"[0m
  ↳ app/views/emails/index.html.erb:14
  Rendered emails/index.html.erb within layouts/application (1.3ms)
Completed 200 OK in 17ms (Views: 14.4ms | ActiveRecord: 0.1ms)


Started GET "/" for 127.0.0.1 at 2018-08-23 16:52:27 +0200
Processing by EmailsController#index as HTML
  Rendering emails/index.html.erb within layouts/application
  [1m[36mEmail Load (0.2ms)[0m  [1m[34mSELECT "emails".* FROM "emails"[0m
  ↳ app/views/emails/index.html.erb:14
  Rendered emails/index.html.erb within layouts/application (2.1ms)
Completed 200 OK in 17ms (Views: 15.0ms | ActiveRecord: 0.2ms)


Started GET "/emails/1" for 127.0.0.1 at 2018-08-23 16:52:28 +0200
Processing by EmailsController#show as JS
  Parameters: {"id"=>"1"}
Completed 500 Internal Server Error in 3ms (ActiveRecord: 0.0ms)


  
NoMethodError (undefined method `read=' for nil:NilClass):
  
app/controllers/emails_controller.rb:14:in `show'
Started GET "/emails/1" for 127.0.0.1 at 2018-08-23 16:52:29 +0200
Processing by EmailsController#show as JS
  Parameters: {"id"=>"1"}
Completed 500 Internal Server Error in 2ms (ActiveRecord: 0.0ms)


  
NoMethodError (undefined method `read=' for nil:NilClass):
  
app/controllers/emails_controller.rb:14:in `show'
Started GET "/emails/1" for 127.0.0.1 at 2018-08-23 16:52:30 +0200
Processing by EmailsController#show as JS
  Parameters: {"id"=>"1"}
Completed 500 Internal Server Error in 1ms (ActiveRecord: 0.0ms)


  
NoMethodError (undefined method `read=' for nil:NilClass):
  
app/controllers/emails_controller.rb:14:in `show'
Started GET "/emails/1" for 127.0.0.1 at 2018-08-23 16:52:30 +0200
Processing by EmailsController#show as JS
  Parameters: {"id"=>"1"}
Completed 500 Internal Server Error in 1ms (ActiveRecord: 0.0ms)


  
NoMethodError (undefined method `read=' for nil:NilClass):
  
app/controllers/emails_controller.rb:14:in `show'
Started GET "/emails/1" for 127.0.0.1 at 2018-08-23 16:52:30 +0200
Processing by EmailsController#show as JS
  Parameters: {"id"=>"1"}
Completed 500 Internal Server Error in 1ms (ActiveRecord: 0.0ms)


  
NoMethodError (undefined method `read=' for nil:NilClass):
  
app/controllers/emails_controller.rb:14:in `show'
Started GET "/emails/1" for 127.0.0.1 at 2018-08-23 16:52:30 +0200
Processing by EmailsController#show as JS
  Parameters: {"id"=>"1"}
Completed 500 Internal Server Error in 2ms (ActiveRecord: 0.0ms)


  
NoMethodError (undefined method `read=' for nil:NilClass):
  
app/controllers/emails_controller.rb:14:in `show'
Started GET "/emails/1" for 127.0.0.1 at 2018-08-23 16:52:30 +0200
Processing by EmailsController#show as JS
  Parameters: {"id"=>"1"}
Completed 500 Internal Server Error in 1ms (ActiveRecord: 0.0ms)


  
NoMethodError (undefined method `read=' for nil:NilClass):
  
app/controllers/emails_controller.rb:14:in `show'
Started GET "/emails/1" for 127.0.0.1 at 2018-08-23 16:52:31 +0200
Processing by EmailsController#show as JS
  Parameters: {"id"=>"1"}
Completed 500 Internal Server Error in 1ms (ActiveRecord: 0.0ms)


  
NoMethodError (undefined method `read=' for nil:NilClass):
  
app/controllers/emails_controller.rb:14:in `show'
Started GET "/emails/1" for 127.0.0.1 at 2018-08-23 16:52:31 +0200
Processing by EmailsController#show as JS
  Parameters: {"id"=>"1"}
Completed 500 Internal Server Error in 1ms (ActiveRecord: 0.0ms)


  
NoMethodError (undefined method `read=' for nil:NilClass):
  
app/controllers/emails_controller.rb:14:in `show'
Started GET "/emails/1" for 127.0.0.1 at 2018-08-23 16:52:31 +0200
Processing by EmailsController#show as JS
  Parameters: {"id"=>"1"}
Completed 500 Internal Server Error in 1ms (ActiveRecord: 0.0ms)


  
NoMethodError (undefined method `read=' for nil:NilClass):
  
app/controllers/emails_controller.rb:14:in `show'
Started GET "/" for 127.0.0.1 at 2018-08-23 16:52:32 +0200
Processing by EmailsController#index as HTML
  Rendering emails/index.html.erb within layouts/application
  [1m[36mEmail Load (0.1ms)[0m  [1m[34mSELECT "emails".* FROM "emails"[0m
  ↳ app/views/emails/index.html.erb:14
  Rendered emails/index.html.erb within layouts/application (1.3ms)
Completed 200 OK in 18ms (Views: 15.9ms | ActiveRecord: 0.1ms)


Started GET "/emails/1" for 127.0.0.1 at 2018-08-23 16:54:34 +0200
Processing by EmailsController#show as JS
  Parameters: {"id"=>"1"}
Completed 500 Internal Server Error in 1ms (ActiveRecord: 0.0ms)


  
NoMethodError (undefined method `read=' for nil:NilClass):
  
app/controllers/emails_controller.rb:14:in `show'
Started GET "/emails/1" for 127.0.0.1 at 2018-08-23 16:54:35 +0200
Processing by EmailsController#show as JS
  Parameters: {"id"=>"1"}
Completed 500 Internal Server Error in 2ms (ActiveRecord: 0.0ms)


  
NoMethodError (undefined method `read=' for nil:NilClass):
  
app/controllers/emails_controller.rb:14:in `show'
Started GET "/emails/1" for 127.0.0.1 at 2018-08-23 16:54:35 +0200
Processing by EmailsController#show as JS
  Parameters: {"id"=>"1"}
Completed 500 Internal Server Error in 2ms (ActiveRecord: 0.0ms)


  
NoMethodError (undefined method `read=' for nil:NilClass):
  
app/controllers/emails_controller.rb:14:in `show'
Started GET "/emails/1" for 127.0.0.1 at 2018-08-23 16:54:35 +0200
Processing by EmailsController#show as JS
  Parameters: {"id"=>"1"}
Completed 500 Internal Server Error in 1ms (ActiveRecord: 0.0ms)


  
NoMethodError (undefined method `read=' for nil:NilClass):
  
app/controllers/emails_controller.rb:14:in `show'
Started GET "/emails/1" for 127.0.0.1 at 2018-08-23 16:54:35 +0200
Processing by EmailsController#show as JS
  Parameters: {"id"=>"1"}
Completed 500 Internal Server Error in 1ms (ActiveRecord: 0.0ms)


  
NoMethodError (undefined method `read=' for nil:NilClass):
  
app/controllers/emails_controller.rb:14:in `show'
Started GET "/" for 127.0.0.1 at 2018-08-23 16:55:58 +0200
Processing by EmailsController#index as HTML
  Rendering emails/index.html.erb within layouts/application
  [1m[36mEmail Load (0.1ms)[0m  [1m[34mSELECT "emails".* FROM "emails"[0m
  ↳ app/views/emails/index.html.erb:14
  Rendered emails/index.html.erb within layouts/application (7.0ms)
Completed 200 OK in 31ms (Views: 28.3ms | ActiveRecord: 0.6ms)


Started GET "/emails/1" for 127.0.0.1 at 2018-08-23 16:56:01 +0200
Processing by EmailsController#show as JS
  Parameters: {"id"=>"1"}
Completed 500 Internal Server Error in 1ms (ActiveRecord: 0.0ms)


  
NoMethodError (undefined method `read=' for nil:NilClass):
  
app/controllers/emails_controller.rb:6:in `show'
Started GET "/emails/1" for 127.0.0.1 at 2018-08-23 16:56:02 +0200
Processing by EmailsController#show as JS
  Parameters: {"id"=>"1"}
Completed 500 Internal Server Error in 1ms (ActiveRecord: 0.0ms)


  
NoMethodError (undefined method `read=' for nil:NilClass):
  
app/controllers/emails_controller.rb:6:in `show'
Started GET "/emails/1" for 127.0.0.1 at 2018-08-23 16:56:02 +0200
Processing by EmailsController#show as JS
  Parameters: {"id"=>"1"}
Completed 500 Internal Server Error in 1ms (ActiveRecord: 0.0ms)


  
NoMethodError (undefined method `read=' for nil:NilClass):
  
app/controllers/emails_controller.rb:6:in `show'
Started GET "/emails/2" for 127.0.0.1 at 2018-08-23 16:56:02 +0200
Processing by EmailsController#show as JS
  Parameters: {"id"=>"2"}
Completed 500 Internal Server Error in 2ms (ActiveRecord: 0.0ms)


  
NoMethodError (undefined method `read=' for nil:NilClass):
  
app/controllers/emails_controller.rb:6:in `show'
Started GET "/emails/2" for 127.0.0.1 at 2018-08-23 16:56:02 +0200
Processing by EmailsController#show as JS
  Parameters: {"id"=>"2"}
Completed 500 Internal Server Error in 1ms (ActiveRecord: 0.0ms)


  
NoMethodError (undefined method `read=' for nil:NilClass):
  
app/controllers/emails_controller.rb:6:in `show'
Started GET "/emails/2" for 127.0.0.1 at 2018-08-23 16:56:03 +0200
Processing by EmailsController#show as JS
  Parameters: {"id"=>"2"}
Completed 500 Internal Server Error in 1ms (ActiveRecord: 0.0ms)


  
NoMethodError (undefined method `read=' for nil:NilClass):
  
app/controllers/emails_controller.rb:6:in `show'
Started GET "/emails/1" for 127.0.0.1 at 2018-08-23 16:56:59 +0200
Processing by EmailsController#show as JS
  Parameters: {"id"=>"1"}
Completed 500 Internal Server Error in 1ms (ActiveRecord: 0.0ms)


  
NoMethodError (undefined method `read=' for nil:NilClass):
  
app/controllers/emails_controller.rb:6:in `show'
Started GET "/emails/1" for 127.0.0.1 at 2018-08-23 16:57:00 +0200
Processing by EmailsController#show as JS
  Parameters: {"id"=>"1"}
Completed 500 Internal Server Error in 1ms (ActiveRecord: 0.0ms)


  
NoMethodError (undefined method `read=' for nil:NilClass):
  
app/controllers/emails_controller.rb:6:in `show'
Started GET "/emails/1" for 127.0.0.1 at 2018-08-23 16:57:00 +0200
Processing by EmailsController#show as JS
  Parameters: {"id"=>"1"}
Completed 500 Internal Server Error in 1ms (ActiveRecord: 0.0ms)


  
NoMethodError (undefined method `read=' for nil:NilClass):
  
app/controllers/emails_controller.rb:6:in `show'
Started GET "/emails/1" for 127.0.0.1 at 2018-08-23 16:57:00 +0200
Processing by EmailsController#show as JS
  Parameters: {"id"=>"1"}
Completed 500 Internal Server Error in 1ms (ActiveRecord: 0.0ms)


  
NoMethodError (undefined method `read=' for nil:NilClass):
  
app/controllers/emails_controller.rb:6:in `show'
Started GET "/emails/1" for 127.0.0.1 at 2018-08-23 16:57:00 +0200
Processing by EmailsController#show as JS
  Parameters: {"id"=>"1"}
Completed 500 Internal Server Error in 1ms (ActiveRecord: 0.0ms)


  
NoMethodError (undefined method `read=' for nil:NilClass):
  
app/controllers/emails_controller.rb:6:in `show'
Started GET "/emails/1" for 127.0.0.1 at 2018-08-23 16:57:00 +0200
Processing by EmailsController#show as JS
  Parameters: {"id"=>"1"}
Completed 500 Internal Server Error in 2ms (ActiveRecord: 0.0ms)


  
NoMethodError (undefined method `read=' for nil:NilClass):
  
app/controllers/emails_controller.rb:6:in `show'
Started GET "/emails/1" for 127.0.0.1 at 2018-08-23 16:57:01 +0200
Processing by EmailsController#show as JS
  Parameters: {"id"=>"1"}
Completed 500 Internal Server Error in 1ms (ActiveRecord: 0.0ms)


  
NoMethodError (undefined method `read=' for nil:NilClass):
  
app/controllers/emails_controller.rb:6:in `show'
Started GET "/emails/1" for 127.0.0.1 at 2018-08-23 16:57:02 +0200
Processing by EmailsController#show as JS
  Parameters: {"id"=>"1"}
Completed 500 Internal Server Error in 2ms (ActiveRecord: 0.0ms)


  
NoMethodError (undefined method `read=' for nil:NilClass):
  
app/controllers/emails_controller.rb:6:in `show'
Started GET "/emails/1" for 127.0.0.1 at 2018-08-23 16:57:02 +0200
Processing by EmailsController#show as JS
  Parameters: {"id"=>"1"}
Completed 500 Internal Server Error in 2ms (ActiveRecord: 0.0ms)


  
NoMethodError (undefined method `read=' for nil:NilClass):
  
app/controllers/emails_controller.rb:6:in `show'
Started GET "/emails/1" for 127.0.0.1 at 2018-08-23 16:57:02 +0200
Processing by EmailsController#show as JS
  Parameters: {"id"=>"1"}
Completed 500 Internal Server Error in 2ms (ActiveRecord: 0.0ms)


  
NoMethodError (undefined method `read=' for nil:NilClass):
  
app/controllers/emails_controller.rb:6:in `show'
Started GET "/emails/1" for 127.0.0.1 at 2018-08-23 16:57:02 +0200
Processing by EmailsController#show as JS
  Parameters: {"id"=>"1"}
Completed 500 Internal Server Error in 2ms (ActiveRecord: 0.0ms)


  
NoMethodError (undefined method `read=' for nil:NilClass):
  
app/controllers/emails_controller.rb:6:in `show'
Started GET "/emails/1" for 127.0.0.1 at 2018-08-23 16:57:03 +0200
Processing by EmailsController#show as JS
  Parameters: {"id"=>"1"}
Completed 500 Internal Server Error in 1ms (ActiveRecord: 0.0ms)


  
NoMethodError (undefined method `read=' for nil:NilClass):
  
app/controllers/emails_controller.rb:6:in `show'
Started GET "/emails/1" for 127.0.0.1 at 2018-08-23 16:57:03 +0200
Processing by EmailsController#show as JS
  Parameters: {"id"=>"1"}
Completed 500 Internal Server Error in 1ms (ActiveRecord: 0.0ms)


  
NoMethodError (undefined method `read=' for nil:NilClass):
  
app/controllers/emails_controller.rb:6:in `show'
Started GET "/emails/1" for 127.0.0.1 at 2018-08-23 16:57:03 +0200
Processing by EmailsController#show as JS
  Parameters: {"id"=>"1"}
Completed 500 Internal Server Error in 1ms (ActiveRecord: 0.0ms)


  
NoMethodError (undefined method `read=' for nil:NilClass):
  
app/controllers/emails_controller.rb:6:in `show'
Started GET "/emails/1" for 127.0.0.1 at 2018-08-23 16:57:03 +0200
Processing by EmailsController#show as JS
  Parameters: {"id"=>"1"}
Completed 500 Internal Server Error in 1ms (ActiveRecord: 0.0ms)


  
NoMethodError (undefined method `read=' for nil:NilClass):
  
app/controllers/emails_controller.rb:6:in `show'
Started GET "/emails/1" for 127.0.0.1 at 2018-08-23 16:57:04 +0200
Processing by EmailsController#show as JS
  Parameters: {"id"=>"1"}
Completed 500 Internal Server Error in 6ms (ActiveRecord: 0.0ms)


  
NoMethodError (undefined method `read=' for nil:NilClass):
  
app/controllers/emails_controller.rb:6:in `show'
Started GET "/emails/1" for 127.0.0.1 at 2018-08-23 16:57:04 +0200
Processing by EmailsController#show as JS
  Parameters: {"id"=>"1"}
Completed 500 Internal Server Error in 2ms (ActiveRecord: 0.0ms)


  
NoMethodError (undefined method `read=' for nil:NilClass):
  
app/controllers/emails_controller.rb:6:in `show'
Started GET "/emails/1" for 127.0.0.1 at 2018-08-23 16:57:04 +0200
Processing by EmailsController#show as JS
  Parameters: {"id"=>"1"}
Completed 500 Internal Server Error in 1ms (ActiveRecord: 0.0ms)


  
NoMethodError (undefined method `read=' for nil:NilClass):
  
app/controllers/emails_controller.rb:6:in `show'
Started GET "/" for 127.0.0.1 at 2018-08-23 16:57:57 +0200
  
ActionController::RoutingError (undefined method `respond_to' for EmailsController:Class
Did you mean?  respond_to?):
  
app/controllers/emails_controller.rb:3:in `<class:EmailsController>'
app/controllers/emails_controller.rb:1:in `<main>'
Started GET "/" for 127.0.0.1 at 2018-08-23 16:59:33 +0200
Processing by EmailsController#index as HTML
Completed 500 Internal Server Error in 4ms (ActiveRecord: 0.0ms)


  
NameError (uninitialized constant EmailsController::Task):
  
app/controllers/emails_controller.rb:6:in `index'
Started GET "/" for 127.0.0.1 at 2018-08-23 17:00:14 +0200
Processing by EmailsController#index as HTML
  Rendering emails/index.html.erb within layouts/application
  [1m[36mEmail Load (0.3ms)[0m  [1m[34mSELECT "emails".* FROM "emails"[0m
  ↳ app/views/emails/index.html.erb:14
  Rendered emails/index.html.erb within layouts/application (11.7ms)
Completed 200 OK in 29ms (Views: 24.7ms | ActiveRecord: 1.2ms)


Started GET "/emails/1" for 127.0.0.1 at 2018-08-23 17:00:15 +0200
Processing by EmailsController#show as JS
  Parameters: {"id"=>"1"}
Completed 500 Internal Server Error in 2ms (ActiveRecord: 0.0ms)


  
NoMethodError (undefined method `read=' for nil:NilClass):
  
app/controllers/emails_controller.rb:13:in `show'
Started GET "/emails/1" for 127.0.0.1 at 2018-08-23 17:00:16 +0200
Processing by EmailsController#show as JS
  Parameters: {"id"=>"1"}
Completed 500 Internal Server Error in 1ms (ActiveRecord: 0.0ms)


  
NoMethodError (undefined method `read=' for nil:NilClass):
  
app/controllers/emails_controller.rb:13:in `show'
Started GET "/emails/1" for 127.0.0.1 at 2018-08-23 17:00:16 +0200
Processing by EmailsController#show as JS
  Parameters: {"id"=>"1"}
Completed 500 Internal Server Error in 1ms (ActiveRecord: 0.0ms)


  
NoMethodError (undefined method `read=' for nil:NilClass):
  
app/controllers/emails_controller.rb:13:in `show'
Started GET "/emails/1" for 127.0.0.1 at 2018-08-23 17:00:16 +0200
Processing by EmailsController#show as JS
  Parameters: {"id"=>"1"}
Completed 500 Internal Server Error in 2ms (ActiveRecord: 0.0ms)


  
NoMethodError (undefined method `read=' for nil:NilClass):
  
app/controllers/emails_controller.rb:13:in `show'
Started GET "/emails/1" for 127.0.0.1 at 2018-08-23 17:00:16 +0200
Processing by EmailsController#show as JS
  Parameters: {"id"=>"1"}
Completed 500 Internal Server Error in 2ms (ActiveRecord: 0.0ms)


  
NoMethodError (undefined method `read=' for nil:NilClass):
  
app/controllers/emails_controller.rb:13:in `show'
Started GET "/emails/1" for 127.0.0.1 at 2018-08-23 17:00:17 +0200
Processing by EmailsController#show as JS
  Parameters: {"id"=>"1"}
Completed 500 Internal Server Error in 2ms (ActiveRecord: 0.0ms)


  
NoMethodError (undefined method `read=' for nil:NilClass):
  
app/controllers/emails_controller.rb:13:in `show'
Started GET "/emails/1" for 127.0.0.1 at 2018-08-23 17:00:17 +0200
Processing by EmailsController#show as JS
  Parameters: {"id"=>"1"}
Completed 500 Internal Server Error in 2ms (ActiveRecord: 0.0ms)


  
NoMethodError (undefined method `read=' for nil:NilClass):
  
app/controllers/emails_controller.rb:13:in `show'
Started GET "/emails/1" for 127.0.0.1 at 2018-08-23 17:00:17 +0200
Processing by EmailsController#show as JS
  Parameters: {"id"=>"1"}
Completed 500 Internal Server Error in 2ms (ActiveRecord: 0.0ms)


  
NoMethodError (undefined method `read=' for nil:NilClass):
  
app/controllers/emails_controller.rb:13:in `show'
Started GET "/emails/1" for 127.0.0.1 at 2018-08-23 17:00:17 +0200
Processing by EmailsController#show as JS
  Parameters: {"id"=>"1"}
Completed 500 Internal Server Error in 2ms (ActiveRecord: 0.0ms)


  
NoMethodError (undefined method `read=' for nil:NilClass):
  
app/controllers/emails_controller.rb:13:in `show'
Started GET "/emails/1" for 127.0.0.1 at 2018-08-23 17:00:17 +0200
Processing by EmailsController#show as JS
  Parameters: {"id"=>"1"}
Completed 500 Internal Server Error in 1ms (ActiveRecord: 0.0ms)


  
NoMethodError (undefined method `read=' for nil:NilClass):
  
app/controllers/emails_controller.rb:13:in `show'
Started GET "/emails/1" for 127.0.0.1 at 2018-08-23 17:00:18 +0200
Processing by EmailsController#show as JS
  Parameters: {"id"=>"1"}
Completed 500 Internal Server Error in 2ms (ActiveRecord: 0.0ms)


  
NoMethodError (undefined method `read=' for nil:NilClass):
  
app/controllers/emails_controller.rb:13:in `show'
Started GET "/emails/1" for 127.0.0.1 at 2018-08-23 17:00:18 +0200
Processing by EmailsController#show as JS
  Parameters: {"id"=>"1"}
Completed 500 Internal Server Error in 1ms (ActiveRecord: 0.0ms)


  
NoMethodError (undefined method `read=' for nil:NilClass):
  
app/controllers/emails_controller.rb:13:in `show'
Started GET "/emails/1" for 127.0.0.1 at 2018-08-23 17:00:18 +0200
Processing by EmailsController#show as JS
  Parameters: {"id"=>"1"}
Completed 500 Internal Server Error in 2ms (ActiveRecord: 0.0ms)


  
NoMethodError (undefined method `read=' for nil:NilClass):
  
app/controllers/emails_controller.rb:13:in `show'
Started GET "/emails/1" for 127.0.0.1 at 2018-08-23 17:00:18 +0200
Processing by EmailsController#show as JS
  Parameters: {"id"=>"1"}
Completed 500 Internal Server Error in 1ms (ActiveRecord: 0.0ms)


  
NoMethodError (undefined method `read=' for nil:NilClass):
  
app/controllers/emails_controller.rb:13:in `show'
Started GET "/emails/1" for 127.0.0.1 at 2018-08-23 17:00:18 +0200
Processing by EmailsController#show as JS
  Parameters: {"id"=>"1"}
Completed 500 Internal Server Error in 2ms (ActiveRecord: 0.0ms)


  
NoMethodError (undefined method `read=' for nil:NilClass):
  
app/controllers/emails_controller.rb:13:in `show'
Started GET "/emails/1" for 127.0.0.1 at 2018-08-23 17:00:19 +0200
Processing by EmailsController#show as JS
  Parameters: {"id"=>"1"}
Completed 500 Internal Server Error in 2ms (ActiveRecord: 0.0ms)


  
NoMethodError (undefined method `read=' for nil:NilClass):
  
app/controllers/emails_controller.rb:13:in `show'
Started GET "/emails/1" for 127.0.0.1 at 2018-08-23 17:00:19 +0200
Processing by EmailsController#show as JS
  Parameters: {"id"=>"1"}
Completed 500 Internal Server Error in 2ms (ActiveRecord: 0.0ms)


  
NoMethodError (undefined method `read=' for nil:NilClass):
  
app/controllers/emails_controller.rb:13:in `show'
Started GET "/emails/1" for 127.0.0.1 at 2018-08-23 17:01:24 +0200
Processing by EmailsController#show as JS
  Parameters: {"id"=>"1"}
Completed 500 Internal Server Error in 3ms (ActiveRecord: 0.0ms)


  
NoMethodError (undefined method `read=' for nil:NilClass):
  
app/controllers/emails_controller.rb:13:in `show'
Started GET "/emails/1" for 127.0.0.1 at 2018-08-23 17:01:24 +0200
Processing by EmailsController#show as JS
  Parameters: {"id"=>"1"}
Completed 500 Internal Server Error in 1ms (ActiveRecord: 0.0ms)


  
NoMethodError (undefined method `read=' for nil:NilClass):
  
app/controllers/emails_controller.rb:13:in `show'
Started GET "/emails/1" for 127.0.0.1 at 2018-08-23 17:03:13 +0200
Processing by EmailsController#show as JS
  Parameters: {"id"=>"1"}
Completed 500 Internal Server Error in 1ms (ActiveRecord: 0.0ms)


  
NoMethodError (undefined method `read=' for nil:NilClass):
  
app/controllers/emails_controller.rb:13:in `show'
Started GET "/emails/1" for 127.0.0.1 at 2018-08-23 17:03:13 +0200
Processing by EmailsController#show as JS
  Parameters: {"id"=>"1"}
Completed 500 Internal Server Error in 1ms (ActiveRecord: 0.0ms)


  
NoMethodError (undefined method `read=' for nil:NilClass):
  
app/controllers/emails_controller.rb:13:in `show'
Started GET "/emails/1" for 127.0.0.1 at 2018-08-23 17:03:13 +0200
Processing by EmailsController#show as JS
  Parameters: {"id"=>"1"}
Completed 500 Internal Server Error in 1ms (ActiveRecord: 0.0ms)


  
NoMethodError (undefined method `read=' for nil:NilClass):
  
app/controllers/emails_controller.rb:13:in `show'
Started GET "/emails/1" for 127.0.0.1 at 2018-08-23 17:03:13 +0200
Processing by EmailsController#show as JS
  Parameters: {"id"=>"1"}
Completed 500 Internal Server Error in 1ms (ActiveRecord: 0.0ms)


  
NoMethodError (undefined method `read=' for nil:NilClass):
  
app/controllers/emails_controller.rb:13:in `show'
Started GET "/emails/2" for 127.0.0.1 at 2018-08-23 17:04:01 +0200
Processing by EmailsController#show as JS
  Parameters: {"id"=>"2"}
Completed 500 Internal Server Error in 1ms (ActiveRecord: 0.0ms)


  
NoMethodError (undefined method `read=' for nil:NilClass):
  
app/controllers/emails_controller.rb:13:in `show'
Started GET "/emails/2" for 127.0.0.1 at 2018-08-23 17:04:02 +0200
Processing by EmailsController#show as JS
  Parameters: {"id"=>"2"}
Completed 500 Internal Server Error in 1ms (ActiveRecord: 0.0ms)


  
NoMethodError (undefined method `read=' for nil:NilClass):
  
app/controllers/emails_controller.rb:13:in `show'
Started GET "/emails/2" for 127.0.0.1 at 2018-08-23 17:04:04 +0200
Processing by EmailsController#show as JS
  Parameters: {"id"=>"2"}
Completed 500 Internal Server Error in 1ms (ActiveRecord: 0.0ms)


  
NoMethodError (undefined method `read=' for nil:NilClass):
  
app/controllers/emails_controller.rb:13:in `show'
Started GET "/emails/2" for 127.0.0.1 at 2018-08-23 17:04:06 +0200
Processing by EmailsController#show as JS
  Parameters: {"id"=>"2"}
Completed 500 Internal Server Error in 1ms (ActiveRecord: 0.0ms)


  
NoMethodError (undefined method `read=' for nil:NilClass):
  
app/controllers/emails_controller.rb:13:in `show'
Started GET "/emails/2" for 127.0.0.1 at 2018-08-23 17:04:07 +0200
Processing by EmailsController#show as JS
  Parameters: {"id"=>"2"}
Completed 500 Internal Server Error in 1ms (ActiveRecord: 0.0ms)


  
NoMethodError (undefined method `read=' for nil:NilClass):
  
app/controllers/emails_controller.rb:13:in `show'
Started GET "/emails/2" for 127.0.0.1 at 2018-08-23 17:04:08 +0200
Processing by EmailsController#show as JS
  Parameters: {"id"=>"2"}
Completed 500 Internal Server Error in 1ms (ActiveRecord: 0.0ms)


  
NoMethodError (undefined method `read=' for nil:NilClass):
  
app/controllers/emails_controller.rb:13:in `show'
Started GET "/emails/2" for 127.0.0.1 at 2018-08-23 17:04:09 +0200
Processing by EmailsController#show as JS
  Parameters: {"id"=>"2"}
Completed 500 Internal Server Error in 1ms (ActiveRecord: 0.0ms)


  
NoMethodError (undefined method `read=' for nil:NilClass):
  
app/controllers/emails_controller.rb:13:in `show'
Started GET "/emails/2" for 127.0.0.1 at 2018-08-23 17:04:10 +0200
Processing by EmailsController#show as JS
  Parameters: {"id"=>"2"}
Completed 500 Internal Server Error in 1ms (ActiveRecord: 0.0ms)


  
NoMethodError (undefined method `read=' for nil:NilClass):
  
app/controllers/emails_controller.rb:13:in `show'
Started GET "/emails/2" for 127.0.0.1 at 2018-08-23 17:04:10 +0200
Processing by EmailsController#show as JS
  Parameters: {"id"=>"2"}
Completed 500 Internal Server Error in 1ms (ActiveRecord: 0.0ms)


  
NoMethodError (undefined method `read=' for nil:NilClass):
  
app/controllers/emails_controller.rb:13:in `show'
Started GET "/emails/2" for 127.0.0.1 at 2018-08-23 17:04:11 +0200
Processing by EmailsController#show as JS
  Parameters: {"id"=>"2"}
Completed 500 Internal Server Error in 1ms (ActiveRecord: 0.0ms)


  
NoMethodError (undefined method `read=' for nil:NilClass):
  
app/controllers/emails_controller.rb:13:in `show'
Started GET "/emails/2" for 127.0.0.1 at 2018-08-23 17:04:11 +0200
Processing by EmailsController#show as JS
  Parameters: {"id"=>"2"}
Completed 500 Internal Server Error in 1ms (ActiveRecord: 0.0ms)


  
NoMethodError (undefined method `read=' for nil:NilClass):
  
app/controllers/emails_controller.rb:13:in `show'
Started GET "/emails/2" for 127.0.0.1 at 2018-08-23 17:04:12 +0200
Processing by EmailsController#show as JS
  Parameters: {"id"=>"2"}
Completed 500 Internal Server Error in 2ms (ActiveRecord: 0.0ms)


  
NoMethodError (undefined method `read=' for nil:NilClass):
  
app/controllers/emails_controller.rb:13:in `show'
Started GET "/emails/2" for 127.0.0.1 at 2018-08-23 17:04:12 +0200
Processing by EmailsController#show as JS
  Parameters: {"id"=>"2"}
Completed 500 Internal Server Error in 1ms (ActiveRecord: 0.0ms)


  
NoMethodError (undefined method `read=' for nil:NilClass):
  
app/controllers/emails_controller.rb:13:in `show'
Started GET "/emails/2" for 127.0.0.1 at 2018-08-23 17:04:13 +0200
Processing by EmailsController#show as JS
  Parameters: {"id"=>"2"}
Completed 500 Internal Server Error in 1ms (ActiveRecord: 0.0ms)


  
NoMethodError (undefined method `read=' for nil:NilClass):
  
app/controllers/emails_controller.rb:13:in `show'
Started GET "/emails/2" for 127.0.0.1 at 2018-08-23 17:04:13 +0200
Processing by EmailsController#show as JS
  Parameters: {"id"=>"2"}
Completed 500 Internal Server Error in 2ms (ActiveRecord: 0.0ms)


  
NoMethodError (undefined method `read=' for nil:NilClass):
  
app/controllers/emails_controller.rb:13:in `show'
Started GET "/emails/2" for 127.0.0.1 at 2018-08-23 17:04:14 +0200
Processing by EmailsController#show as JS
  Parameters: {"id"=>"2"}
Completed 500 Internal Server Error in 1ms (ActiveRecord: 0.0ms)


  
NoMethodError (undefined method `read=' for nil:NilClass):
  
app/controllers/emails_controller.rb:13:in `show'
Started GET "/emails/2" for 127.0.0.1 at 2018-08-23 17:04:14 +0200
Processing by EmailsController#show as JS
  Parameters: {"id"=>"2"}
Completed 500 Internal Server Error in 1ms (ActiveRecord: 0.0ms)


  
NoMethodError (undefined method `read=' for nil:NilClass):
  
app/controllers/emails_controller.rb:13:in `show'
Started GET "/emails/1" for 127.0.0.1 at 2018-08-23 17:04:17 +0200
Processing by EmailsController#show as JS
  Parameters: {"id"=>"1"}
Completed 500 Internal Server Error in 1ms (ActiveRecord: 0.0ms)


  
NoMethodError (undefined method `read=' for nil:NilClass):
  
app/controllers/emails_controller.rb:13:in `show'
Started GET "/emails/1" for 127.0.0.1 at 2018-08-23 17:04:17 +0200
Processing by EmailsController#show as JS
  Parameters: {"id"=>"1"}
Completed 500 Internal Server Error in 1ms (ActiveRecord: 0.0ms)


  
NoMethodError (undefined method `read=' for nil:NilClass):
  
app/controllers/emails_controller.rb:13:in `show'
Started GET "/emails/2" for 127.0.0.1 at 2018-08-23 17:04:18 +0200
Processing by EmailsController#show as JS
  Parameters: {"id"=>"2"}
Completed 500 Internal Server Error in 2ms (ActiveRecord: 0.0ms)


  
NoMethodError (undefined method `read=' for nil:NilClass):
  
app/controllers/emails_controller.rb:13:in `show'
Started GET "/emails/2" for 127.0.0.1 at 2018-08-23 17:04:19 +0200
Processing by EmailsController#show as JS
  Parameters: {"id"=>"2"}
Completed 500 Internal Server Error in 1ms (ActiveRecord: 0.0ms)


  
NoMethodError (undefined method `read=' for nil:NilClass):
  
app/controllers/emails_controller.rb:13:in `show'
Started GET "/" for 127.0.0.1 at 2018-08-23 17:13:08 +0200
Processing by EmailsController#index as HTML
  Rendering emails/index.html.erb within layouts/application
  [1m[36mEmail Load (0.2ms)[0m  [1m[34mSELECT "emails".* FROM "emails"[0m
  ↳ app/views/emails/index.html.erb:14
  Rendered emails/index.html.erb within layouts/application (1.7ms)
Completed 200 OK in 20ms (Views: 16.7ms | ActiveRecord: 0.2ms)


Started GET "/" for 127.0.0.1 at 2018-08-23 17:47:33 +0200
Processing by EmailsController#index as HTML
  Rendering emails/index.html.erb within layouts/application
  [1m[36mEmail Load (0.3ms)[0m  [1m[34mSELECT "emails".* FROM "emails"[0m
  ↳ app/views/emails/index.html.erb:14
  Rendered emails/index.html.erb within layouts/application (2.4ms)
Completed 200 OK in 28ms (Views: 26.0ms | ActiveRecord: 0.3ms)


Started GET "/" for 127.0.0.1 at 2018-08-23 17:59:11 +0200
  
ActionController::RoutingError (undefined method `respond_to' for EmailsController:Class
Did you mean?  respond_to?):
  
app/controllers/emails_controller.rb:3:in `<class:EmailsController>'
app/controllers/emails_controller.rb:1:in `<main>'
Started GET "/" for 127.0.0.1 at 2018-08-23 18:00:10 +0200
Processing by EmailsController#index as HTML
  Rendering emails/index.html.erb within layouts/application
  [1m[36mEmail Load (0.2ms)[0m  [1m[34mSELECT "emails".* FROM "emails"[0m
  ↳ app/views/emails/index.html.erb:14
  Rendered emails/index.html.erb within layouts/application (10.2ms)
Completed 200 OK in 39ms (Views: 33.4ms | ActiveRecord: 0.7ms)


Started GET "/" for 127.0.0.1 at 2018-08-23 18:11:39 +0200
Processing by EmailsController#index as HTML
  Rendering emails/index.html.erb within layouts/application
  [1m[36mEmail Load (0.1ms)[0m  [1m[34mSELECT "emails".* FROM "emails"[0m
  ↳ app/views/emails/index.html.erb:14
  Rendered emails/index.html.erb within layouts/application (1.8ms)
Completed 200 OK in 31ms (Views: 28.9ms | ActiveRecord: 0.1ms)


Started GET "/emails/1" for 127.0.0.1 at 2018-08-23 18:11:40 +0200
Processing by EmailsController#show as JS
  Parameters: {"id"=>"1"}
Completed 500 Internal Server Error in 7ms (ActiveRecord: 0.0ms)


  
NoMethodError (undefined method `read=' for nil:NilClass):
  
app/controllers/emails_controller.rb:13:in `show'
Started GET "/emails/1" for 127.0.0.1 at 2018-08-23 18:11:41 +0200
Processing by EmailsController#show as JS
  Parameters: {"id"=>"1"}
Completed 500 Internal Server Error in 3ms (ActiveRecord: 0.0ms)


  
NoMethodError (undefined method `read=' for nil:NilClass):
  
app/controllers/emails_controller.rb:13:in `show'
Started GET "/" for 127.0.0.1 at 2018-08-23 18:11:49 +0200
Processing by EmailsController#index as HTML
  Rendering emails/index.html.erb within layouts/application
  [1m[36mEmail Load (0.1ms)[0m  [1m[34mSELECT "emails".* FROM "emails"[0m
  ↳ app/views/emails/index.html.erb:14
  Rendered emails/index.html.erb within layouts/application (1.5ms)
Completed 200 OK in 20ms (Views: 18.0ms | ActiveRecord: 0.1ms)


Started GET "/emails/1" for 127.0.0.1 at 2018-08-23 18:11:50 +0200
Processing by EmailsController#show as JS
  Parameters: {"id"=>"1"}
Completed 500 Internal Server Error in 2ms (ActiveRecord: 0.0ms)


  
NoMethodError (undefined method `read=' for nil:NilClass):
  
app/controllers/emails_controller.rb:13:in `show'
Started GET "/emails/1" for 127.0.0.1 at 2018-08-23 18:11:51 +0200
Processing by EmailsController#show as JS
  Parameters: {"id"=>"1"}
Completed 500 Internal Server Error in 2ms (ActiveRecord: 0.0ms)


  
NoMethodError (undefined method `read=' for nil:NilClass):
  
app/controllers/emails_controller.rb:13:in `show'
Started GET "/emails/1" for 127.0.0.1 at 2018-08-23 18:11:51 +0200
Processing by EmailsController#show as JS
  Parameters: {"id"=>"1"}
Completed 500 Internal Server Error in 1ms (ActiveRecord: 0.0ms)


  
NoMethodError (undefined method `read=' for nil:NilClass):
  
app/controllers/emails_controller.rb:13:in `show'
Started GET "/emails/1" for 127.0.0.1 at 2018-08-23 18:11:51 +0200
Processing by EmailsController#show as JS
  Parameters: {"id"=>"1"}
Completed 500 Internal Server Error in 2ms (ActiveRecord: 0.0ms)


  
NoMethodError (undefined method `read=' for nil:NilClass):
  
app/controllers/emails_controller.rb:13:in `show'
Started GET "/emails/1" for 127.0.0.1 at 2018-08-23 18:11:51 +0200
Processing by EmailsController#show as JS
  Parameters: {"id"=>"1"}
Completed 500 Internal Server Error in 2ms (ActiveRecord: 0.0ms)


  
NoMethodError (undefined method `read=' for nil:NilClass):
  
app/controllers/emails_controller.rb:13:in `show'
Started GET "/emails/1" for 127.0.0.1 at 2018-08-23 18:11:51 +0200
Processing by EmailsController#show as JS
  Parameters: {"id"=>"1"}
Completed 500 Internal Server Error in 2ms (ActiveRecord: 0.0ms)


  
NoMethodError (undefined method `read=' for nil:NilClass):
  
app/controllers/emails_controller.rb:13:in `show'
Started GET "/emails/1" for 127.0.0.1 at 2018-08-23 18:11:52 +0200
Processing by EmailsController#show as JS
  Parameters: {"id"=>"1"}
Completed 500 Internal Server Error in 1ms (ActiveRecord: 0.0ms)


  
NoMethodError (undefined method `read=' for nil:NilClass):
  
app/controllers/emails_controller.rb:13:in `show'
Started GET "/emails/1" for 127.0.0.1 at 2018-08-23 18:11:52 +0200
Processing by EmailsController#show as JS
  Parameters: {"id"=>"1"}
Completed 500 Internal Server Error in 1ms (ActiveRecord: 0.0ms)


  
NoMethodError (undefined method `read=' for nil:NilClass):
  
app/controllers/emails_controller.rb:13:in `show'
Started GET "/emails/2" for 127.0.0.1 at 2018-08-23 18:11:53 +0200
Processing by EmailsController#show as JS
  Parameters: {"id"=>"2"}
Completed 500 Internal Server Error in 2ms (ActiveRecord: 0.0ms)


  
NoMethodError (undefined method `read=' for nil:NilClass):
  
app/controllers/emails_controller.rb:13:in `show'
Started GET "/emails/2" for 127.0.0.1 at 2018-08-23 18:11:53 +0200
Processing by EmailsController#show as JS
  Parameters: {"id"=>"2"}
Completed 500 Internal Server Error in 2ms (ActiveRecord: 0.0ms)


  
NoMethodError (undefined method `read=' for nil:NilClass):
  
app/controllers/emails_controller.rb:13:in `show'
Started GET "/emails/2" for 127.0.0.1 at 2018-08-23 18:11:53 +0200
Processing by EmailsController#show as JS
  Parameters: {"id"=>"2"}
Completed 500 Internal Server Error in 1ms (ActiveRecord: 0.0ms)


  
NoMethodError (undefined method `read=' for nil:NilClass):
  
app/controllers/emails_controller.rb:13:in `show'
Started GET "/emails/2" for 127.0.0.1 at 2018-08-23 18:11:53 +0200
Processing by EmailsController#show as JS
  Parameters: {"id"=>"2"}
Completed 500 Internal Server Error in 1ms (ActiveRecord: 0.0ms)


  
NoMethodError (undefined method `read=' for nil:NilClass):
  
app/controllers/emails_controller.rb:13:in `show'
Started GET "/emails/2" for 127.0.0.1 at 2018-08-23 18:11:54 +0200
Processing by EmailsController#show as JS
  Parameters: {"id"=>"2"}
Completed 500 Internal Server Error in 1ms (ActiveRecord: 0.0ms)


  
NoMethodError (undefined method `read=' for nil:NilClass):
  
app/controllers/emails_controller.rb:13:in `show'
Started GET "/emails/2" for 127.0.0.1 at 2018-08-23 18:11:54 +0200
Processing by EmailsController#show as JS
  Parameters: {"id"=>"2"}
Completed 500 Internal Server Error in 2ms (ActiveRecord: 0.0ms)


  
NoMethodError (undefined method `read=' for nil:NilClass):
  
app/controllers/emails_controller.rb:13:in `show'
Started GET "/emails/3" for 127.0.0.1 at 2018-08-23 18:11:56 +0200
Processing by EmailsController#show as JS
  Parameters: {"id"=>"3"}
Completed 500 Internal Server Error in 2ms (ActiveRecord: 0.0ms)


  
NoMethodError (undefined method `read=' for nil:NilClass):
  
app/controllers/emails_controller.rb:13:in `show'
Started GET "/emails/3" for 127.0.0.1 at 2018-08-23 18:11:56 +0200
Processing by EmailsController#show as JS
  Parameters: {"id"=>"3"}
Completed 500 Internal Server Error in 2ms (ActiveRecord: 0.0ms)


  
NoMethodError (undefined method `read=' for nil:NilClass):
  
app/controllers/emails_controller.rb:13:in `show'
Started GET "/" for 127.0.0.1 at 2018-08-23 18:12:51 +0200
Processing by EmailsController#index as HTML
  Rendering emails/index.html.erb within layouts/application
  [1m[36mEmail Load (0.1ms)[0m  [1m[34mSELECT "emails".* FROM "emails"[0m
  ↳ app/views/emails/index.html.erb:14
  Rendered emails/index.html.erb within layouts/application (1.5ms)
Completed 200 OK in 19ms (Views: 16.3ms | ActiveRecord: 0.1ms)


Started GET "/emails/1" for 127.0.0.1 at 2018-08-23 18:12:53 +0200
Processing by EmailsController#show as JS
  Parameters: {"id"=>"1"}
Completed 500 Internal Server Error in 2ms (ActiveRecord: 0.0ms)


  
NoMethodError (undefined method `read=' for nil:NilClass):
  
app/controllers/emails_controller.rb:13:in `show'
Started GET "/emails/1" for 127.0.0.1 at 2018-08-23 18:12:53 +0200
Processing by EmailsController#show as JS
  Parameters: {"id"=>"1"}
Completed 500 Internal Server Error in 2ms (ActiveRecord: 0.0ms)


  
NoMethodError (undefined method `read=' for nil:NilClass):
  
app/controllers/emails_controller.rb:13:in `show'
Started GET "/emails/1" for 127.0.0.1 at 2018-08-23 18:12:54 +0200
Processing by EmailsController#show as JS
  Parameters: {"id"=>"1"}
Completed 500 Internal Server Error in 2ms (ActiveRecord: 0.0ms)


  
NoMethodError (undefined method `read=' for nil:NilClass):
  
app/controllers/emails_controller.rb:13:in `show'
Started GET "/emails/1" for 127.0.0.1 at 2018-08-23 18:12:54 +0200
Processing by EmailsController#show as JS
  Parameters: {"id"=>"1"}
Completed 500 Internal Server Error in 1ms (ActiveRecord: 0.0ms)


  
NoMethodError (undefined method `read=' for nil:NilClass):
  
app/controllers/emails_controller.rb:13:in `show'
Started GET "/emails/1" for 127.0.0.1 at 2018-08-23 18:12:54 +0200
Processing by EmailsController#show as JS
  Parameters: {"id"=>"1"}
Completed 500 Internal Server Error in 1ms (ActiveRecord: 0.0ms)


  
NoMethodError (undefined method `read=' for nil:NilClass):
  
app/controllers/emails_controller.rb:13:in `show'
Started GET "/emails/1" for 127.0.0.1 at 2018-08-23 18:12:54 +0200
Processing by EmailsController#show as JS
  Parameters: {"id"=>"1"}
Completed 500 Internal Server Error in 2ms (ActiveRecord: 0.0ms)


  
NoMethodError (undefined method `read=' for nil:NilClass):
  
app/controllers/emails_controller.rb:13:in `show'
Started GET "/emails/1" for 127.0.0.1 at 2018-08-23 18:12:54 +0200
Processing by EmailsController#show as JS
  Parameters: {"id"=>"1"}
Completed 500 Internal Server Error in 2ms (ActiveRecord: 0.0ms)


  
NoMethodError (undefined method `read=' for nil:NilClass):
  
app/controllers/emails_controller.rb:13:in `show'
Started GET "/emails/1" for 127.0.0.1 at 2018-08-23 18:12:55 +0200
Processing by EmailsController#show as JS
  Parameters: {"id"=>"1"}
Completed 500 Internal Server Error in 6ms (ActiveRecord: 0.0ms)


  
NoMethodError (undefined method `read=' for nil:NilClass):
  
app/controllers/emails_controller.rb:13:in `show'
Started GET "/emails/1" for 127.0.0.1 at 2018-08-23 18:12:55 +0200
Processing by EmailsController#show as JS
  Parameters: {"id"=>"1"}
Completed 500 Internal Server Error in 2ms (ActiveRecord: 0.0ms)


  
NoMethodError (undefined method `read=' for nil:NilClass):
  
app/controllers/emails_controller.rb:13:in `show'
Started GET "/emails/1" for 127.0.0.1 at 2018-08-23 18:12:55 +0200
Processing by EmailsController#show as JS
  Parameters: {"id"=>"1"}
Completed 500 Internal Server Error in 2ms (ActiveRecord: 0.0ms)


  
NoMethodError (undefined method `read=' for nil:NilClass):
  
app/controllers/emails_controller.rb:13:in `show'
Started GET "/emails/1" for 127.0.0.1 at 2018-08-23 18:12:55 +0200
Processing by EmailsController#show as JS
  Parameters: {"id"=>"1"}
Completed 500 Internal Server Error in 2ms (ActiveRecord: 0.0ms)


  
NoMethodError (undefined method `read=' for nil:NilClass):
  
app/controllers/emails_controller.rb:13:in `show'
Started GET "/emails/1" for 127.0.0.1 at 2018-08-23 18:12:55 +0200
Processing by EmailsController#show as JS
  Parameters: {"id"=>"1"}
Completed 500 Internal Server Error in 1ms (ActiveRecord: 0.0ms)


  
NoMethodError (undefined method `read=' for nil:NilClass):
  
app/controllers/emails_controller.rb:13:in `show'
Started GET "/emails/1" for 127.0.0.1 at 2018-08-23 18:12:55 +0200
Processing by EmailsController#show as JS
  Parameters: {"id"=>"1"}
Completed 500 Internal Server Error in 2ms (ActiveRecord: 0.0ms)


  
NoMethodError (undefined method `read=' for nil:NilClass):
  
app/controllers/emails_controller.rb:13:in `show'
Started GET "/emails/1" for 127.0.0.1 at 2018-08-23 18:12:56 +0200
Processing by EmailsController#show as JS
  Parameters: {"id"=>"1"}
Completed 500 Internal Server Error in 1ms (ActiveRecord: 0.0ms)


  
NoMethodError (undefined method `read=' for nil:NilClass):
  
app/controllers/emails_controller.rb:13:in `show'
Started GET "/emails/1" for 127.0.0.1 at 2018-08-23 18:12:56 +0200
Processing by EmailsController#show as JS
  Parameters: {"id"=>"1"}
Completed 500 Internal Server Error in 1ms (ActiveRecord: 0.0ms)


  
NoMethodError (undefined method `read=' for nil:NilClass):
  
app/controllers/emails_controller.rb:13:in `show'
Started GET "/emails/1" for 127.0.0.1 at 2018-08-23 18:12:56 +0200
Processing by EmailsController#show as JS
  Parameters: {"id"=>"1"}
Completed 500 Internal Server Error in 2ms (ActiveRecord: 0.0ms)


  
NoMethodError (undefined method `read=' for nil:NilClass):
  
app/controllers/emails_controller.rb:13:in `show'
Started GET "/emails/1" for 127.0.0.1 at 2018-08-23 18:12:56 +0200
Processing by EmailsController#show as JS
  Parameters: {"id"=>"1"}
Completed 500 Internal Server Error in 2ms (ActiveRecord: 0.0ms)


  
NoMethodError (undefined method `read=' for nil:NilClass):
  
app/controllers/emails_controller.rb:13:in `show'
Started GET "/emails/1" for 127.0.0.1 at 2018-08-23 18:12:56 +0200
Processing by EmailsController#show as JS
  Parameters: {"id"=>"1"}
Completed 500 Internal Server Error in 2ms (ActiveRecord: 0.0ms)


  
NoMethodError (undefined method `read=' for nil:NilClass):
  
app/controllers/emails_controller.rb:13:in `show'
Started GET "/emails/1" for 127.0.0.1 at 2018-08-23 18:12:56 +0200
Processing by EmailsController#show as JS
  Parameters: {"id"=>"1"}
Completed 500 Internal Server Error in 1ms (ActiveRecord: 0.0ms)


  
NoMethodError (undefined method `read=' for nil:NilClass):
  
app/controllers/emails_controller.rb:13:in `show'
Started GET "/emails/1" for 127.0.0.1 at 2018-08-23 18:12:57 +0200
Processing by EmailsController#show as JS
  Parameters: {"id"=>"1"}
Completed 500 Internal Server Error in 1ms (ActiveRecord: 0.0ms)


  
NoMethodError (undefined method `read=' for nil:NilClass):
  
app/controllers/emails_controller.rb:13:in `show'
Started GET "/emails/1" for 127.0.0.1 at 2018-08-23 18:12:57 +0200
Processing by EmailsController#show as JS
  Parameters: {"id"=>"1"}
Completed 500 Internal Server Error in 1ms (ActiveRecord: 0.0ms)


  
NoMethodError (undefined method `read=' for nil:NilClass):
  
app/controllers/emails_controller.rb:13:in `show'
Started GET "/emails/1" for 127.0.0.1 at 2018-08-23 18:12:57 +0200
Processing by EmailsController#show as JS
  Parameters: {"id"=>"1"}
Completed 500 Internal Server Error in 2ms (ActiveRecord: 0.0ms)


  
NoMethodError (undefined method `read=' for nil:NilClass):
  
app/controllers/emails_controller.rb:13:in `show'
Started GET "/emails/1" for 127.0.0.1 at 2018-08-23 18:12:57 +0200
Processing by EmailsController#show as JS
  Parameters: {"id"=>"1"}
Completed 500 Internal Server Error in 2ms (ActiveRecord: 0.0ms)


  
NoMethodError (undefined method `read=' for nil:NilClass):
  
app/controllers/emails_controller.rb:13:in `show'
Started GET "/emails/1" for 127.0.0.1 at 2018-08-23 18:12:57 +0200
Processing by EmailsController#show as JS
  Parameters: {"id"=>"1"}
Completed 500 Internal Server Error in 1ms (ActiveRecord: 0.0ms)


  
NoMethodError (undefined method `read=' for nil:NilClass):
  
app/controllers/emails_controller.rb:13:in `show'
Started GET "/emails/1" for 127.0.0.1 at 2018-08-23 18:12:57 +0200
Processing by EmailsController#show as JS
  Parameters: {"id"=>"1"}
Completed 500 Internal Server Error in 2ms (ActiveRecord: 0.0ms)


  
NoMethodError (undefined method `read=' for nil:NilClass):
  
app/controllers/emails_controller.rb:13:in `show'
Started GET "/emails/1" for 127.0.0.1 at 2018-08-23 18:12:58 +0200
Processing by EmailsController#show as JS
  Parameters: {"id"=>"1"}
Completed 500 Internal Server Error in 1ms (ActiveRecord: 0.0ms)


  
NoMethodError (undefined method `read=' for nil:NilClass):
  
app/controllers/emails_controller.rb:13:in `show'
Started GET "/emails/1" for 127.0.0.1 at 2018-08-23 18:12:58 +0200
Processing by EmailsController#show as JS
  Parameters: {"id"=>"1"}
Completed 500 Internal Server Error in 2ms (ActiveRecord: 0.0ms)


  
NoMethodError (undefined method `read=' for nil:NilClass):
  
app/controllers/emails_controller.rb:13:in `show'
Started GET "/emails/1" for 127.0.0.1 at 2018-08-23 18:12:59 +0200
Processing by EmailsController#show as JS
  Parameters: {"id"=>"1"}
Completed 500 Internal Server Error in 2ms (ActiveRecord: 0.0ms)


  
NoMethodError (undefined method `read=' for nil:NilClass):
  
app/controllers/emails_controller.rb:13:in `show'
Started GET "/emails/1" for 127.0.0.1 at 2018-08-23 18:12:59 +0200
Processing by EmailsController#show as JS
  Parameters: {"id"=>"1"}
Completed 500 Internal Server Error in 1ms (ActiveRecord: 0.0ms)


  
NoMethodError (undefined method `read=' for nil:NilClass):
  
app/controllers/emails_controller.rb:13:in `show'
Started GET "/" for 127.0.0.1 at 2018-08-23 18:15:43 +0200
Processing by EmailsController#index as HTML
  Rendering emails/index.html.erb within layouts/application
  [1m[36mEmail Load (0.1ms)[0m  [1m[34mSELECT "emails".* FROM "emails"[0m
  ↳ app/views/emails/index.html.erb:14
  Rendered emails/index.html.erb within layouts/application (1.6ms)
Completed 200 OK in 22ms (Views: 20.3ms | ActiveRecord: 0.1ms)


Started GET "/emails/1" for 127.0.0.1 at 2018-08-23 18:15:44 +0200
Processing by EmailsController#show as JS
  Parameters: {"id"=>"1"}
Completed 500 Internal Server Error in 1ms (ActiveRecord: 0.0ms)


  
NoMethodError (undefined method `read=' for nil:NilClass):
  
app/controllers/emails_controller.rb:13:in `show'
Started GET "/emails/1" for 127.0.0.1 at 2018-08-23 18:15:44 +0200
Processing by EmailsController#show as JS
  Parameters: {"id"=>"1"}
Completed 500 Internal Server Error in 1ms (ActiveRecord: 0.0ms)


  
NoMethodError (undefined method `read=' for nil:NilClass):
  
app/controllers/emails_controller.rb:13:in `show'
Started GET "/emails/1" for 127.0.0.1 at 2018-08-23 18:15:44 +0200
Processing by EmailsController#show as JS
  Parameters: {"id"=>"1"}
Completed 500 Internal Server Error in 2ms (ActiveRecord: 0.0ms)


  
NoMethodError (undefined method `read=' for nil:NilClass):
  
app/controllers/emails_controller.rb:13:in `show'
Started GET "/emails/1" for 127.0.0.1 at 2018-08-23 18:15:45 +0200
Processing by EmailsController#show as JS
  Parameters: {"id"=>"1"}
Completed 500 Internal Server Error in 1ms (ActiveRecord: 0.0ms)


  
NoMethodError (undefined method `read=' for nil:NilClass):
  
app/controllers/emails_controller.rb:13:in `show'
Started GET "/emails/2" for 127.0.0.1 at 2018-08-23 18:15:45 +0200
Processing by EmailsController#show as JS
  Parameters: {"id"=>"2"}
Completed 500 Internal Server Error in 1ms (ActiveRecord: 0.0ms)


  
NoMethodError (undefined method `read=' for nil:NilClass):
  
app/controllers/emails_controller.rb:13:in `show'
Started GET "/emails/2" for 127.0.0.1 at 2018-08-23 18:15:45 +0200
Processing by EmailsController#show as JS
  Parameters: {"id"=>"2"}
Completed 500 Internal Server Error in 2ms (ActiveRecord: 0.0ms)


  
NoMethodError (undefined method `read=' for nil:NilClass):
  
app/controllers/emails_controller.rb:13:in `show'
Started GET "/emails/2" for 127.0.0.1 at 2018-08-23 18:15:46 +0200
Processing by EmailsController#show as JS
  Parameters: {"id"=>"2"}
Completed 500 Internal Server Error in 2ms (ActiveRecord: 0.0ms)


  
NoMethodError (undefined method `read=' for nil:NilClass):
  
app/controllers/emails_controller.rb:13:in `show'
Started GET "/" for 127.0.0.1 at 2018-08-23 18:22:48 +0200
Processing by EmailsController#index as HTML
  Rendering emails/index.html.erb within layouts/application
  [1m[36mEmail Load (0.3ms)[0m  [1m[34mSELECT "emails".* FROM "emails"[0m
  ↳ app/views/emails/index.html.erb:14
  Rendered emails/index.html.erb within layouts/application (3.3ms)
Completed 200 OK in 26ms (Views: 23.5ms | ActiveRecord: 0.3ms)


Started GET "/emails/1" for 127.0.0.1 at 2018-08-23 18:22:50 +0200
Processing by EmailsController#show as JS
  Parameters: {"id"=>"1"}
Completed 500 Internal Server Error in 1ms (ActiveRecord: 0.0ms)


  
NoMethodError (undefined method `read=' for nil:NilClass):
  
app/controllers/emails_controller.rb:13:in `show'
Started GET "/emails/1" for 127.0.0.1 at 2018-08-23 18:22:50 +0200
Processing by EmailsController#show as JS
  Parameters: {"id"=>"1"}
Completed 500 Internal Server Error in 2ms (ActiveRecord: 0.0ms)


  
NoMethodError (undefined method `read=' for nil:NilClass):
  
app/controllers/emails_controller.rb:13:in `show'
Started GET "/emails/1" for 127.0.0.1 at 2018-08-23 18:22:51 +0200
Processing by EmailsController#show as JS
  Parameters: {"id"=>"1"}
Completed 500 Internal Server Error in 2ms (ActiveRecord: 0.0ms)


  
NoMethodError (undefined method `read=' for nil:NilClass):
  
app/controllers/emails_controller.rb:13:in `show'
Started GET "/emails/1" for 127.0.0.1 at 2018-08-23 18:22:51 +0200
Processing by EmailsController#show as JS
  Parameters: {"id"=>"1"}
Completed 500 Internal Server Error in 2ms (ActiveRecord: 0.0ms)


  
NoMethodError (undefined method `read=' for nil:NilClass):
  
app/controllers/emails_controller.rb:13:in `show'
Started GET "/emails/1" for 127.0.0.1 at 2018-08-23 18:22:51 +0200
Processing by EmailsController#show as JS
  Parameters: {"id"=>"1"}
Completed 500 Internal Server Error in 1ms (ActiveRecord: 0.0ms)


  
NoMethodError (undefined method `read=' for nil:NilClass):
  
app/controllers/emails_controller.rb:13:in `show'
